

*******************************************************************************
Thu Jun 26 12:58:57 2025


FIT:    data read from datafile using 1:2
        format = x:z
        x range restricted to [-3.00000 : 10.0000]
        #datapoints = 56
        residuals are weighted equally (unit weight)

function used for fitting: f(x)
	f(x) = a*x + b
fitted parameters initialized with current variable values

iter      chisq       delta/lim  lambda   a             b            
   0 2.7910000000e+02   0.00e+00  1.39e+00    1.000000e+00   1.000000e+00
   3 2.6871465996e+02  -1.67e-06  1.39e-03    8.021636e-01   1.457235e+00

After 3 iterations the fit converged.
final sum of squares of residuals : 268.715
rel. change during last iteration : -1.66599e-11

degrees of freedom    (FIT_NDF)                        : 54
rms of residuals      (FIT_STDFIT) = sqrt(WSSR/ndf)    : 2.23074
variance of residuals (reduced chisquare) = WSSR/ndf   : 4.9762

Final set of parameters            Asymptotic Standard Error
=======================            ==========================
a               = 0.802164         +/- 0.1966       (24.5%)
b               = 1.45724          +/- 0.3325       (22.82%)

correlation matrix of the fit parameters:
                a      b      
a               1.000 
b              -0.443  1.000 


*******************************************************************************
Thu Jun 26 14:32:55 2025


FIT:    data read from datafile using 1:2
        format = x:z
        x range restricted to [-3.00000 : 10.0000]
        #datapoints = 56
        residuals are weighted equally (unit weight)

function used for fitting: f(x)
	f(x) = a*x + b
fitted parameters initialized with current variable values

iter      chisq       delta/lim  lambda   a             b            
   0 2.7910000000e+02   0.00e+00  1.39e+00    1.000000e+00   1.000000e+00
   3 2.6871465996e+02  -1.67e-06  1.39e-03    8.021636e-01   1.457235e+00

After 3 iterations the fit converged.
final sum of squares of residuals : 268.715
rel. change during last iteration : -1.66599e-11

degrees of freedom    (FIT_NDF)                        : 54
rms of residuals      (FIT_STDFIT) = sqrt(WSSR/ndf)    : 2.23074
variance of residuals (reduced chisquare) = WSSR/ndf   : 4.9762

Final set of parameters            Asymptotic Standard Error
=======================            ==========================
a               = 0.802164         +/- 0.1966       (24.5%)
b               = 1.45724          +/- 0.3325       (22.82%)

correlation matrix of the fit parameters:
                a      b      
a               1.000 
b              -0.443  1.000 


*******************************************************************************
Thu Jun 26 14:33:03 2025


FIT:    data read from datafile using 1:2
        format = x:z
        x range restricted to [-3.00000 : 10.0000]
        #datapoints = 56
        residuals are weighted equally (unit weight)

function used for fitting: f(x)
	f(x) = a*x + b
fitted parameters initialized with current variable values

iter      chisq       delta/lim  lambda   a             b            
   0 2.7910000000e+02   0.00e+00  1.39e+00    1.000000e+00   1.000000e+00
   3 2.6871465996e+02  -1.67e-06  1.39e-03    8.021636e-01   1.457235e+00

After 3 iterations the fit converged.
final sum of squares of residuals : 268.715
rel. change during last iteration : -1.66599e-11

degrees of freedom    (FIT_NDF)                        : 54
rms of residuals      (FIT_STDFIT) = sqrt(WSSR/ndf)    : 2.23074
variance of residuals (reduced chisquare) = WSSR/ndf   : 4.9762

Final set of parameters            Asymptotic Standard Error
=======================            ==========================
a               = 0.802164         +/- 0.1966       (24.5%)
b               = 1.45724          +/- 0.3325       (22.82%)

correlation matrix of the fit parameters:
                a      b      
a               1.000 
b              -0.443  1.000 


*******************************************************************************
Thu Jun 26 14:33:24 2025


FIT:    data read from datafile using 1:2
        format = x:z
        x range restricted to [-3.00000 : 10.0000]
        #datapoints = 56
        residuals are weighted equally (unit weight)

function used for fitting: f(x)
	f(x) = a*x + b
fitted parameters initialized with current variable values

iter      chisq       delta/lim  lambda   a             b            
   0 2.7910000000e+02   0.00e+00  1.39e+00    1.000000e+00   1.000000e+00
   3 2.6871465996e+02  -1.67e-06  1.39e-03    8.021636e-01   1.457235e+00

After 3 iterations the fit converged.
final sum of squares of residuals : 268.715
rel. change during last iteration : -1.66599e-11

degrees of freedom    (FIT_NDF)                        : 54
rms of residuals      (FIT_STDFIT) = sqrt(WSSR/ndf)    : 2.23074
variance of residuals (reduced chisquare) = WSSR/ndf   : 4.9762

Final set of parameters            Asymptotic Standard Error
=======================            ==========================
a               = 0.802164         +/- 0.1966       (24.5%)
b               = 1.45724          +/- 0.3325       (22.82%)

correlation matrix of the fit parameters:
                a      b      
a               1.000 
b              -0.443  1.000 


*******************************************************************************
Thu Jun 26 14:33:33 2025


FIT:    data read from datafile using 1:2
        format = x:z
        x range restricted to [-3.00000 : 10.0000]
        #datapoints = 56
        residuals are weighted equally (unit weight)

function used for fitting: f(x)
	f(x) = a*x + b
fitted parameters initialized with current variable values

iter      chisq       delta/lim  lambda   a             b            
   0 2.7910000000e+02   0.00e+00  1.39e+00    1.000000e+00   1.000000e+00
   3 2.6871465996e+02  -1.67e-06  1.39e-03    8.021636e-01   1.457235e+00

After 3 iterations the fit converged.
final sum of squares of residuals : 268.715
rel. change during last iteration : -1.66599e-11

degrees of freedom    (FIT_NDF)                        : 54
rms of residuals      (FIT_STDFIT) = sqrt(WSSR/ndf)    : 2.23074
variance of residuals (reduced chisquare) = WSSR/ndf   : 4.9762

Final set of parameters            Asymptotic Standard Error
=======================            ==========================
a               = 0.802164         +/- 0.1966       (24.5%)
b               = 1.45724          +/- 0.3325       (22.82%)

correlation matrix of the fit parameters:
                a      b      
a               1.000 
b              -0.443  1.000 


*******************************************************************************
Thu Jun 26 14:33:47 2025


FIT:    data read from datafile using 1:2
        format = x:z
        x range restricted to [-3.00000 : 10.0000]
        #datapoints = 56
        residuals are weighted equally (unit weight)

function used for fitting: f(x)
	f(x) = a*x + b
fitted parameters initialized with current variable values

iter      chisq       delta/lim  lambda   a             b            
   0 2.7910000000e+02   0.00e+00  1.39e+00    1.000000e+00   1.000000e+00
   3 2.6871465996e+02  -1.67e-06  1.39e-03    8.021636e-01   1.457235e+00

After 3 iterations the fit converged.
final sum of squares of residuals : 268.715
rel. change during last iteration : -1.66599e-11

degrees of freedom    (FIT_NDF)                        : 54
rms of residuals      (FIT_STDFIT) = sqrt(WSSR/ndf)    : 2.23074
variance of residuals (reduced chisquare) = WSSR/ndf   : 4.9762

Final set of parameters            Asymptotic Standard Error
=======================            ==========================
a               = 0.802164         +/- 0.1966       (24.5%)
b               = 1.45724          +/- 0.3325       (22.82%)

correlation matrix of the fit parameters:
                a      b      
a               1.000 
b              -0.443  1.000 


*******************************************************************************
Thu Jun 26 14:35:27 2025


FIT:    data read from datafile using 1:2
        format = x:z
        x range restricted to [-3.00000 : 10.0000]
        #datapoints = 56
        residuals are weighted equally (unit weight)

function used for fitting: f(x)
	f(x) = a*x + b
fitted parameters initialized with current variable values

iter      chisq       delta/lim  lambda   a             b            
   0 2.7910000000e+02   0.00e+00  1.39e+00    1.000000e+00   1.000000e+00
   3 2.6871465996e+02  -1.67e-06  1.39e-03    8.021636e-01   1.457235e+00

After 3 iterations the fit converged.
final sum of squares of residuals : 268.715
rel. change during last iteration : -1.66599e-11

degrees of freedom    (FIT_NDF)                        : 54
rms of residuals      (FIT_STDFIT) = sqrt(WSSR/ndf)    : 2.23074
variance of residuals (reduced chisquare) = WSSR/ndf   : 4.9762

Final set of parameters            Asymptotic Standard Error
=======================            ==========================
a               = 0.802164         +/- 0.1966       (24.5%)
b               = 1.45724          +/- 0.3325       (22.82%)

correlation matrix of the fit parameters:
                a      b      
a               1.000 
b              -0.443  1.000 


*******************************************************************************
Thu Jun 26 14:36:16 2025


FIT:    data read from datafile using 1:2
        format = x:z
        x range restricted to [-3.00000 : 10.0000]
        #datapoints = 56
        residuals are weighted equally (unit weight)

function used for fitting: f(x)
	f(x) = a*x + b
fitted parameters initialized with current variable values

iter      chisq       delta/lim  lambda   a             b            
   0 2.7910000000e+02   0.00e+00  1.39e+00    1.000000e+00   1.000000e+00
   3 2.6871465996e+02  -1.67e-06  1.39e-03    8.021636e-01   1.457235e+00

After 3 iterations the fit converged.
final sum of squares of residuals : 268.715
rel. change during last iteration : -1.66599e-11

degrees of freedom    (FIT_NDF)                        : 54
rms of residuals      (FIT_STDFIT) = sqrt(WSSR/ndf)    : 2.23074
variance of residuals (reduced chisquare) = WSSR/ndf   : 4.9762

Final set of parameters            Asymptotic Standard Error
=======================            ==========================
a               = 0.802164         +/- 0.1966       (24.5%)
b               = 1.45724          +/- 0.3325       (22.82%)

correlation matrix of the fit parameters:
                a      b      
a               1.000 
b              -0.443  1.000 


*******************************************************************************
Thu Jun 26 14:36:27 2025


FIT:    data read from datafile using 1:2
        format = x:z
        x range restricted to [-3.00000 : 10.0000]
        #datapoints = 56
        residuals are weighted equally (unit weight)

function used for fitting: f(x)
	f(x) = a*x + b
fitted parameters initialized with current variable values

iter      chisq       delta/lim  lambda   a             b            
   0 2.7910000000e+02   0.00e+00  1.39e+00    1.000000e+00   1.000000e+00
   3 2.6871465996e+02  -1.67e-06  1.39e-03    8.021636e-01   1.457235e+00

After 3 iterations the fit converged.
final sum of squares of residuals : 268.715
rel. change during last iteration : -1.66599e-11

degrees of freedom    (FIT_NDF)                        : 54
rms of residuals      (FIT_STDFIT) = sqrt(WSSR/ndf)    : 2.23074
variance of residuals (reduced chisquare) = WSSR/ndf   : 4.9762

Final set of parameters            Asymptotic Standard Error
=======================            ==========================
a               = 0.802164         +/- 0.1966       (24.5%)
b               = 1.45724          +/- 0.3325       (22.82%)

correlation matrix of the fit parameters:
                a      b      
a               1.000 
b              -0.443  1.000 


*******************************************************************************
Thu Jun 26 14:36:42 2025


FIT:    data read from datafile using 1:2
        format = x:z
        x range restricted to [-3.00000 : 10.0000]
        #datapoints = 56
        residuals are weighted equally (unit weight)

function used for fitting: f(x)
	f(x) = a*x + b
fitted parameters initialized with current variable values

iter      chisq       delta/lim  lambda   a             b            
   0 2.7910000000e+02   0.00e+00  1.39e+00    1.000000e+00   1.000000e+00
   3 2.6871465996e+02  -1.67e-06  1.39e-03    8.021636e-01   1.457235e+00

After 3 iterations the fit converged.
final sum of squares of residuals : 268.715
rel. change during last iteration : -1.66599e-11

degrees of freedom    (FIT_NDF)                        : 54
rms of residuals      (FIT_STDFIT) = sqrt(WSSR/ndf)    : 2.23074
variance of residuals (reduced chisquare) = WSSR/ndf   : 4.9762

Final set of parameters            Asymptotic Standard Error
=======================            ==========================
a               = 0.802164         +/- 0.1966       (24.5%)
b               = 1.45724          +/- 0.3325       (22.82%)

correlation matrix of the fit parameters:
                a      b      
a               1.000 
b              -0.443  1.000 


*******************************************************************************
Thu Jun 26 14:36:59 2025


FIT:    data read from datafile using 1:2
        format = x:z
        x range restricted to [-3.00000 : 10.0000]
        #datapoints = 56
        residuals are weighted equally (unit weight)

function used for fitting: f(x)
	f(x) = a*x + b
fitted parameters initialized with current variable values

iter      chisq       delta/lim  lambda   a             b            
   0 2.7910000000e+02   0.00e+00  1.39e+00    1.000000e+00   1.000000e+00
   3 2.6871465996e+02  -1.67e-06  1.39e-03    8.021636e-01   1.457235e+00

After 3 iterations the fit converged.
final sum of squares of residuals : 268.715
rel. change during last iteration : -1.66599e-11

degrees of freedom    (FIT_NDF)                        : 54
rms of residuals      (FIT_STDFIT) = sqrt(WSSR/ndf)    : 2.23074
variance of residuals (reduced chisquare) = WSSR/ndf   : 4.9762

Final set of parameters            Asymptotic Standard Error
=======================            ==========================
a               = 0.802164         +/- 0.1966       (24.5%)
b               = 1.45724          +/- 0.3325       (22.82%)

correlation matrix of the fit parameters:
                a      b      
a               1.000 
b              -0.443  1.000 


*******************************************************************************
Thu Jun 26 14:41:06 2025


FIT:    data read from datafile using 1:2
        format = x:z
        x range restricted to [-3.00000 : 10.0000]
        #datapoints = 56
        residuals are weighted equally (unit weight)

function used for fitting: f(x)
	f(x) = a*x + b
fitted parameters initialized with current variable values

iter      chisq       delta/lim  lambda   a             b            
   0 2.7910000000e+02   0.00e+00  1.39e+00    1.000000e+00   1.000000e+00
   3 2.6871465996e+02  -1.67e-06  1.39e-03    8.021636e-01   1.457235e+00

After 3 iterations the fit converged.
final sum of squares of residuals : 268.715
rel. change during last iteration : -1.66599e-11

degrees of freedom    (FIT_NDF)                        : 54
rms of residuals      (FIT_STDFIT) = sqrt(WSSR/ndf)    : 2.23074
variance of residuals (reduced chisquare) = WSSR/ndf   : 4.9762

Final set of parameters            Asymptotic Standard Error
=======================            ==========================
a               = 0.802164         +/- 0.1966       (24.5%)
b               = 1.45724          +/- 0.3325       (22.82%)

correlation matrix of the fit parameters:
                a      b      
a               1.000 
b              -0.443  1.000 


*******************************************************************************
Thu Jun 26 14:42:14 2025


FIT:    data read from datafile using 1:2
        format = x:z
        x range restricted to [-3.00000 : 10.0000]
        #datapoints = 56
        residuals are weighted equally (unit weight)

function used for fitting: f(x)
	f(x) = a*x + b
fitted parameters initialized with current variable values

iter      chisq       delta/lim  lambda   a             b            
   0 2.7910000000e+02   0.00e+00  1.39e+00    1.000000e+00   1.000000e+00
   3 2.6871465996e+02  -1.67e-06  1.39e-03    8.021636e-01   1.457235e+00

After 3 iterations the fit converged.
final sum of squares of residuals : 268.715
rel. change during last iteration : -1.66599e-11

degrees of freedom    (FIT_NDF)                        : 54
rms of residuals      (FIT_STDFIT) = sqrt(WSSR/ndf)    : 2.23074
variance of residuals (reduced chisquare) = WSSR/ndf   : 4.9762

Final set of parameters            Asymptotic Standard Error
=======================            ==========================
a               = 0.802164         +/- 0.1966       (24.5%)
b               = 1.45724          +/- 0.3325       (22.82%)

correlation matrix of the fit parameters:
                a      b      
a               1.000 
b              -0.443  1.000 


*******************************************************************************
Thu Jun 26 14:43:04 2025


FIT:    data read from datafile using 1:2
        format = x:z
        x range restricted to [-3.00000 : 10.0000]
        #datapoints = 56
        residuals are weighted equally (unit weight)

function used for fitting: f(x)
	f(x) = a*x + b
fitted parameters initialized with current variable values

iter      chisq       delta/lim  lambda   a             b            
   0 2.7910000000e+02   0.00e+00  1.39e+00    1.000000e+00   1.000000e+00
   3 2.6871465996e+02  -1.67e-06  1.39e-03    8.021636e-01   1.457235e+00

After 3 iterations the fit converged.
final sum of squares of residuals : 268.715
rel. change during last iteration : -1.66599e-11

degrees of freedom    (FIT_NDF)                        : 54
rms of residuals      (FIT_STDFIT) = sqrt(WSSR/ndf)    : 2.23074
variance of residuals (reduced chisquare) = WSSR/ndf   : 4.9762

Final set of parameters            Asymptotic Standard Error
=======================            ==========================
a               = 0.802164         +/- 0.1966       (24.5%)
b               = 1.45724          +/- 0.3325       (22.82%)

correlation matrix of the fit parameters:
                a      b      
a               1.000 
b              -0.443  1.000 


*******************************************************************************
Thu Jun 26 14:43:37 2025


FIT:    data read from datafile using 1:2
        format = x:z
        x range restricted to [-3.00000 : 10.0000]
        #datapoints = 56
        residuals are weighted equally (unit weight)

function used for fitting: f(x)
	f(x) = a*x + b
fitted parameters initialized with current variable values

iter      chisq       delta/lim  lambda   a             b            
   0 2.7910000000e+02   0.00e+00  1.39e+00    1.000000e+00   1.000000e+00
   3 2.6871465996e+02  -1.67e-06  1.39e-03    8.021636e-01   1.457235e+00

After 3 iterations the fit converged.
final sum of squares of residuals : 268.715
rel. change during last iteration : -1.66599e-11

degrees of freedom    (FIT_NDF)                        : 54
rms of residuals      (FIT_STDFIT) = sqrt(WSSR/ndf)    : 2.23074
variance of residuals (reduced chisquare) = WSSR/ndf   : 4.9762

Final set of parameters            Asymptotic Standard Error
=======================            ==========================
a               = 0.802164         +/- 0.1966       (24.5%)
b               = 1.45724          +/- 0.3325       (22.82%)

correlation matrix of the fit parameters:
                a      b      
a               1.000 
b              -0.443  1.000 


*******************************************************************************
Thu Jun 26 14:43:45 2025


FIT:    data read from datafile using 1:2
        format = x:z
        x range restricted to [-3.00000 : 10.0000]
        #datapoints = 56
        residuals are weighted equally (unit weight)

function used for fitting: f(x)
	f(x) = a*x + b
fitted parameters initialized with current variable values

iter      chisq       delta/lim  lambda   a             b            
   0 2.7910000000e+02   0.00e+00  1.39e+00    1.000000e+00   1.000000e+00
   3 2.6871465996e+02  -1.67e-06  1.39e-03    8.021636e-01   1.457235e+00

After 3 iterations the fit converged.
final sum of squares of residuals : 268.715
rel. change during last iteration : -1.66599e-11

degrees of freedom    (FIT_NDF)                        : 54
rms of residuals      (FIT_STDFIT) = sqrt(WSSR/ndf)    : 2.23074
variance of residuals (reduced chisquare) = WSSR/ndf   : 4.9762

Final set of parameters            Asymptotic Standard Error
=======================            ==========================
a               = 0.802164         +/- 0.1966       (24.5%)
b               = 1.45724          +/- 0.3325       (22.82%)

correlation matrix of the fit parameters:
                a      b      
a               1.000 
b              -0.443  1.000 


*******************************************************************************
Thu Jun 26 14:43:50 2025


FIT:    data read from datafile using 1:2
        format = x:z
        x range restricted to [-3.00000 : 10.0000]
        #datapoints = 56
        residuals are weighted equally (unit weight)

function used for fitting: f(x)
	f(x) = a*x + b
fitted parameters initialized with current variable values

iter      chisq       delta/lim  lambda   a             b            
   0 2.7910000000e+02   0.00e+00  1.39e+00    1.000000e+00   1.000000e+00
   3 2.6871465996e+02  -1.67e-06  1.39e-03    8.021636e-01   1.457235e+00

After 3 iterations the fit converged.
final sum of squares of residuals : 268.715
rel. change during last iteration : -1.66599e-11

degrees of freedom    (FIT_NDF)                        : 54
rms of residuals      (FIT_STDFIT) = sqrt(WSSR/ndf)    : 2.23074
variance of residuals (reduced chisquare) = WSSR/ndf   : 4.9762

Final set of parameters            Asymptotic Standard Error
=======================            ==========================
a               = 0.802164         +/- 0.1966       (24.5%)
b               = 1.45724          +/- 0.3325       (22.82%)

correlation matrix of the fit parameters:
                a      b      
a               1.000 
b              -0.443  1.000 


*******************************************************************************
Thu Jun 26 14:45:13 2025


FIT:    data read from datafile using 1:2
        format = x:z
        x range restricted to [-3.00000 : 10.0000]
        #datapoints = 56
        residuals are weighted equally (unit weight)

function used for fitting: f(x)
	f(x) = a*x + b
fitted parameters initialized with current variable values

iter      chisq       delta/lim  lambda   a             b            
   0 2.7910000000e+02   0.00e+00  1.39e+00    1.000000e+00   1.000000e+00
   3 2.6871465996e+02  -1.67e-06  1.39e-03    8.021636e-01   1.457235e+00

After 3 iterations the fit converged.
final sum of squares of residuals : 268.715
rel. change during last iteration : -1.66599e-11

degrees of freedom    (FIT_NDF)                        : 54
rms of residuals      (FIT_STDFIT) = sqrt(WSSR/ndf)    : 2.23074
variance of residuals (reduced chisquare) = WSSR/ndf   : 4.9762

Final set of parameters            Asymptotic Standard Error
=======================            ==========================
a               = 0.802164         +/- 0.1966       (24.5%)
b               = 1.45724          +/- 0.3325       (22.82%)

correlation matrix of the fit parameters:
                a      b      
a               1.000 
b              -0.443  1.000 


*******************************************************************************
Thu Jun 26 14:45:21 2025


FIT:    data read from datafile using 1:2
        format = x:z
        x range restricted to [-3.00000 : 10.0000]
        #datapoints = 56
        residuals are weighted equally (unit weight)

function used for fitting: f(x)
	f(x) = a*x + b
fitted parameters initialized with current variable values

iter      chisq       delta/lim  lambda   a             b            
   0 2.7910000000e+02   0.00e+00  1.39e+00    1.000000e+00   1.000000e+00
   3 2.6871465996e+02  -1.67e-06  1.39e-03    8.021636e-01   1.457235e+00

After 3 iterations the fit converged.
final sum of squares of residuals : 268.715
rel. change during last iteration : -1.66599e-11

degrees of freedom    (FIT_NDF)                        : 54
rms of residuals      (FIT_STDFIT) = sqrt(WSSR/ndf)    : 2.23074
variance of residuals (reduced chisquare) = WSSR/ndf   : 4.9762

Final set of parameters            Asymptotic Standard Error
=======================            ==========================
a               = 0.802164         +/- 0.1966       (24.5%)
b               = 1.45724          +/- 0.3325       (22.82%)

correlation matrix of the fit parameters:
                a      b      
a               1.000 
b              -0.443  1.000 


*******************************************************************************
Thu Jun 26 14:45:27 2025


FIT:    data read from datafile using 1:2
        format = x:z
        x range restricted to [-3.00000 : 10.0000]
        #datapoints = 56
        residuals are weighted equally (unit weight)

function used for fitting: f(x)
	f(x) = a*x + b
fitted parameters initialized with current variable values

iter      chisq       delta/lim  lambda   a             b            
   0 2.7910000000e+02   0.00e+00  1.39e+00    1.000000e+00   1.000000e+00
   3 2.6871465996e+02  -1.67e-06  1.39e-03    8.021636e-01   1.457235e+00

After 3 iterations the fit converged.
final sum of squares of residuals : 268.715
rel. change during last iteration : -1.66599e-11

degrees of freedom    (FIT_NDF)                        : 54
rms of residuals      (FIT_STDFIT) = sqrt(WSSR/ndf)    : 2.23074
variance of residuals (reduced chisquare) = WSSR/ndf   : 4.9762

Final set of parameters            Asymptotic Standard Error
=======================            ==========================
a               = 0.802164         +/- 0.1966       (24.5%)
b               = 1.45724          +/- 0.3325       (22.82%)

correlation matrix of the fit parameters:
                a      b      
a               1.000 
b              -0.443  1.000 


*******************************************************************************
Thu Jun 26 14:45:40 2025


FIT:    data read from datafile using 1:2
        format = x:z
        x range restricted to [-3.00000 : 10.0000]
        #datapoints = 56
        residuals are weighted equally (unit weight)

function used for fitting: f(x)
	f(x) = a*x + b
fitted parameters initialized with current variable values

iter      chisq       delta/lim  lambda   a             b            
   0 2.7910000000e+02   0.00e+00  1.39e+00    1.000000e+00   1.000000e+00
   3 2.6871465996e+02  -1.67e-06  1.39e-03    8.021636e-01   1.457235e+00

After 3 iterations the fit converged.
final sum of squares of residuals : 268.715
rel. change during last iteration : -1.66599e-11

degrees of freedom    (FIT_NDF)                        : 54
rms of residuals      (FIT_STDFIT) = sqrt(WSSR/ndf)    : 2.23074
variance of residuals (reduced chisquare) = WSSR/ndf   : 4.9762

Final set of parameters            Asymptotic Standard Error
=======================            ==========================
a               = 0.802164         +/- 0.1966       (24.5%)
b               = 1.45724          +/- 0.3325       (22.82%)

correlation matrix of the fit parameters:
                a      b      
a               1.000 
b              -0.443  1.000 


*******************************************************************************
Thu Jun 26 14:48:08 2025


FIT:    data read from datafile using 1:2
        format = x:z
        x range restricted to [-3.00000 : 10.0000]
        #datapoints = 56
        residuals are weighted equally (unit weight)

function used for fitting: f(x)
	f(x) = a*x + b
fitted parameters initialized with current variable values

iter      chisq       delta/lim  lambda   a             b            
   0 8.6118097000e+03   0.00e+00  1.39e+00    1.000000e+00   1.000000e+00
   3 3.6486784652e+03  -6.83e-06  1.39e-03    6.951099e+00  -7.824485e-01

After 3 iterations the fit converged.
final sum of squares of residuals : 3648.68
rel. change during last iteration : -6.82799e-11

degrees of freedom    (FIT_NDF)                        : 54
rms of residuals      (FIT_STDFIT) = sqrt(WSSR/ndf)    : 8.21998
variance of residuals (reduced chisquare) = WSSR/ndf   : 67.5681

Final set of parameters            Asymptotic Standard Error
=======================            ==========================
a               = 6.9511           +/- 0.7243       (10.42%)
b               = -0.782449        +/- 1.225        (156.6%)

correlation matrix of the fit parameters:
                a      b      
a               1.000 
b              -0.443  1.000 


*******************************************************************************
Thu Jun 26 14:48:29 2025


FIT:    data read from datafile using 1:2
        format = x:z
        x range restricted to [-3.00000 : 4.00000]
        #datapoints = 55
        residuals are weighted equally (unit weight)

function used for fitting: f(x)
	f(x) = a*x + b
fitted parameters initialized with current variable values

iter      chisq       delta/lim  lambda   a             b            
   0 2.4138960000e+02   0.00e+00  1.11e+00    1.000000e+00   1.000000e+00
   3 1.6575657547e+02  -6.43e-07  1.11e-03    1.468161e+00   1.782507e+00

After 3 iterations the fit converged.
final sum of squares of residuals : 165.757
rel. change during last iteration : -6.43291e-12

degrees of freedom    (FIT_NDF)                        : 53
rms of residuals      (FIT_STDFIT) = sqrt(WSSR/ndf)    : 1.76847
variance of residuals (reduced chisquare) = WSSR/ndf   : 3.12748

Final set of parameters            Asymptotic Standard Error
=======================            ==========================
a               = 1.46816          +/- 0.2264       (15.42%)
b               = 1.78251          +/- 0.2746       (15.4%)

correlation matrix of the fit parameters:
                a      b      
a               1.000 
b              -0.496  1.000 


*******************************************************************************
Thu Jun 26 14:48:44 2025


FIT:    data read from datafile using 1:2
        format = x:z
        x range restricted to [-3.00000 : 4.00000]
        #datapoints = 55
        residuals are weighted equally (unit weight)

function used for fitting: f(x)
	f(x) = a*x + b
fitted parameters initialized with current variable values

iter      chisq       delta/lim  lambda   a             b            
   0 2.4138960000e+02   0.00e+00  1.11e+00    1.000000e+00   1.000000e+00
   3 1.6575657547e+02  -6.43e-07  1.11e-03    1.468161e+00   1.782507e+00

After 3 iterations the fit converged.
final sum of squares of residuals : 165.757
rel. change during last iteration : -6.43291e-12

degrees of freedom    (FIT_NDF)                        : 53
rms of residuals      (FIT_STDFIT) = sqrt(WSSR/ndf)    : 1.76847
variance of residuals (reduced chisquare) = WSSR/ndf   : 3.12748

Final set of parameters            Asymptotic Standard Error
=======================            ==========================
a               = 1.46816          +/- 0.2264       (15.42%)
b               = 1.78251          +/- 0.2746       (15.4%)

correlation matrix of the fit parameters:
                a      b      
a               1.000 
b              -0.496  1.000 


*******************************************************************************
Thu Jun 26 14:49:03 2025


FIT:    data read from datafile using 1:2
        format = x:z
        x range restricted to [-3.00000 : 4.00000]
        #datapoints = 55
        residuals are weighted equally (unit weight)

function used for fitting: f(x)
	f(x) = a*x + b
fitted parameters initialized with current variable values

iter      chisq       delta/lim  lambda   a             b            
   0 2.4138960000e+02   0.00e+00  1.11e+00    1.000000e+00   1.000000e+00
   3 1.6575657547e+02  -6.43e-07  1.11e-03    1.468161e+00   1.782507e+00

After 3 iterations the fit converged.
final sum of squares of residuals : 165.757
rel. change during last iteration : -6.43291e-12

degrees of freedom    (FIT_NDF)                        : 53
rms of residuals      (FIT_STDFIT) = sqrt(WSSR/ndf)    : 1.76847
variance of residuals (reduced chisquare) = WSSR/ndf   : 3.12748

Final set of parameters            Asymptotic Standard Error
=======================            ==========================
a               = 1.46816          +/- 0.2264       (15.42%)
b               = 1.78251          +/- 0.2746       (15.4%)

correlation matrix of the fit parameters:
                a      b      
a               1.000 
b              -0.496  1.000 


*******************************************************************************
Thu Jun 26 14:49:08 2025


FIT:    data read from datafile using 1:2
        format = x:z
        x range restricted to [-3.00000 : 4.00000]
        #datapoints = 55
        residuals are weighted equally (unit weight)

function used for fitting: f(x)
	f(x) = a*x + b
fitted parameters initialized with current variable values

iter      chisq       delta/lim  lambda   a             b            
   0 2.4138960000e+02   0.00e+00  1.11e+00    1.000000e+00   1.000000e+00
   3 1.6575657547e+02  -6.43e-07  1.11e-03    1.468161e+00   1.782507e+00

After 3 iterations the fit converged.
final sum of squares of residuals : 165.757
rel. change during last iteration : -6.43291e-12

degrees of freedom    (FIT_NDF)                        : 53
rms of residuals      (FIT_STDFIT) = sqrt(WSSR/ndf)    : 1.76847
variance of residuals (reduced chisquare) = WSSR/ndf   : 3.12748

Final set of parameters            Asymptotic Standard Error
=======================            ==========================
a               = 1.46816          +/- 0.2264       (15.42%)
b               = 1.78251          +/- 0.2746       (15.4%)

correlation matrix of the fit parameters:
                a      b      
a               1.000 
b              -0.496  1.000 


*******************************************************************************
Thu Jun 26 14:49:13 2025


FIT:    data read from datafile using 1:2
        format = x:z
        x range restricted to [-3.00000 : 4.00000]
        #datapoints = 55
        residuals are weighted equally (unit weight)

function used for fitting: f(x)
	f(x) = a*x + b
fitted parameters initialized with current variable values

iter      chisq       delta/lim  lambda   a             b            
   0 2.4138960000e+02   0.00e+00  1.11e+00    1.000000e+00   1.000000e+00
   3 1.6575657547e+02  -6.43e-07  1.11e-03    1.468161e+00   1.782507e+00

After 3 iterations the fit converged.
final sum of squares of residuals : 165.757
rel. change during last iteration : -6.43291e-12

degrees of freedom    (FIT_NDF)                        : 53
rms of residuals      (FIT_STDFIT) = sqrt(WSSR/ndf)    : 1.76847
variance of residuals (reduced chisquare) = WSSR/ndf   : 3.12748

Final set of parameters            Asymptotic Standard Error
=======================            ==========================
a               = 1.46816          +/- 0.2264       (15.42%)
b               = 1.78251          +/- 0.2746       (15.4%)

correlation matrix of the fit parameters:
                a      b      
a               1.000 
b              -0.496  1.000 


*******************************************************************************
Thu Jun 26 14:49:18 2025


FIT:    data read from datafile using 1:2
        format = x:z
        x range restricted to [-3.00000 : 4.00000]
        #datapoints = 55
        residuals are weighted equally (unit weight)

function used for fitting: f(x)
	f(x) = a*x + b
fitted parameters initialized with current variable values

iter      chisq       delta/lim  lambda   a             b            
   0 2.4138960000e+02   0.00e+00  1.11e+00    1.000000e+00   1.000000e+00
   3 1.6575657547e+02  -6.43e-07  1.11e-03    1.468161e+00   1.782507e+00

After 3 iterations the fit converged.
final sum of squares of residuals : 165.757
rel. change during last iteration : -6.43291e-12

degrees of freedom    (FIT_NDF)                        : 53
rms of residuals      (FIT_STDFIT) = sqrt(WSSR/ndf)    : 1.76847
variance of residuals (reduced chisquare) = WSSR/ndf   : 3.12748

Final set of parameters            Asymptotic Standard Error
=======================            ==========================
a               = 1.46816          +/- 0.2264       (15.42%)
b               = 1.78251          +/- 0.2746       (15.4%)

correlation matrix of the fit parameters:
                a      b      
a               1.000 
b              -0.496  1.000 


*******************************************************************************
Thu Jun 26 14:49:23 2025


FIT:    data read from datafile using 1:2
        format = x:z
        x range restricted to [-3.00000 : 4.00000]
        #datapoints = 55
        residuals are weighted equally (unit weight)

function used for fitting: f(x)
	f(x) = a*x + b
fitted parameters initialized with current variable values

iter      chisq       delta/lim  lambda   a             b            
   0 2.4138960000e+02   0.00e+00  1.11e+00    1.000000e+00   1.000000e+00
   3 1.6575657547e+02  -6.43e-07  1.11e-03    1.468161e+00   1.782507e+00

After 3 iterations the fit converged.
final sum of squares of residuals : 165.757
rel. change during last iteration : -6.43291e-12

degrees of freedom    (FIT_NDF)                        : 53
rms of residuals      (FIT_STDFIT) = sqrt(WSSR/ndf)    : 1.76847
variance of residuals (reduced chisquare) = WSSR/ndf   : 3.12748

Final set of parameters            Asymptotic Standard Error
=======================            ==========================
a               = 1.46816          +/- 0.2264       (15.42%)
b               = 1.78251          +/- 0.2746       (15.4%)

correlation matrix of the fit parameters:
                a      b      
a               1.000 
b              -0.496  1.000 


*******************************************************************************
Thu Jun 26 14:49:28 2025


FIT:    data read from datafile using 1:2
        format = x:z
        x range restricted to [-3.00000 : 4.00000]
        #datapoints = 55
        residuals are weighted equally (unit weight)

function used for fitting: f(x)
	f(x) = a*x + b
fitted parameters initialized with current variable values

iter      chisq       delta/lim  lambda   a             b            
   0 2.4138960000e+02   0.00e+00  1.11e+00    1.000000e+00   1.000000e+00
   3 1.6575657547e+02  -6.43e-07  1.11e-03    1.468161e+00   1.782507e+00

After 3 iterations the fit converged.
final sum of squares of residuals : 165.757
rel. change during last iteration : -6.43291e-12

degrees of freedom    (FIT_NDF)                        : 53
rms of residuals      (FIT_STDFIT) = sqrt(WSSR/ndf)    : 1.76847
variance of residuals (reduced chisquare) = WSSR/ndf   : 3.12748

Final set of parameters            Asymptotic Standard Error
=======================            ==========================
a               = 1.46816          +/- 0.2264       (15.42%)
b               = 1.78251          +/- 0.2746       (15.4%)

correlation matrix of the fit parameters:
                a      b      
a               1.000 
b              -0.496  1.000 


*******************************************************************************
Thu Jun 26 14:50:02 2025


FIT:    data read from datafile using 1:2
        format = x:z
        x range restricted to [-3.00000 : 4.00000]
        #datapoints = 55
        residuals are weighted equally (unit weight)

function used for fitting: f(x)
	f(x) = a*x + b
fitted parameters initialized with current variable values

iter      chisq       delta/lim  lambda   a             b            
   0 2.4138960000e+02   0.00e+00  1.11e+00    1.000000e+00   1.000000e+00
   3 1.6575657547e+02  -6.43e-07  1.11e-03    1.468161e+00   1.782507e+00

After 3 iterations the fit converged.
final sum of squares of residuals : 165.757
rel. change during last iteration : -6.43291e-12

degrees of freedom    (FIT_NDF)                        : 53
rms of residuals      (FIT_STDFIT) = sqrt(WSSR/ndf)    : 1.76847
variance of residuals (reduced chisquare) = WSSR/ndf   : 3.12748

Final set of parameters            Asymptotic Standard Error
=======================            ==========================
a               = 1.46816          +/- 0.2264       (15.42%)
b               = 1.78251          +/- 0.2746       (15.4%)

correlation matrix of the fit parameters:
                a      b      
a               1.000 
b              -0.496  1.000 


*******************************************************************************
Thu Jun 26 14:50:21 2025


FIT:    data read from datafile using 1:2
        format = x:z
        x range restricted to [-3.00000 : 4.00000]
        #datapoints = 55
        residuals are weighted equally (unit weight)

function used for fitting: f(x)
	f(x) = a*x + b
fitted parameters initialized with current variable values

iter      chisq       delta/lim  lambda   a             b            
   0 2.4138960000e+02   0.00e+00  1.11e+00    1.000000e+00   1.000000e+00
   3 1.6575657547e+02  -6.43e-07  1.11e-03    1.468161e+00   1.782507e+00

After 3 iterations the fit converged.
final sum of squares of residuals : 165.757
rel. change during last iteration : -6.43291e-12

degrees of freedom    (FIT_NDF)                        : 53
rms of residuals      (FIT_STDFIT) = sqrt(WSSR/ndf)    : 1.76847
variance of residuals (reduced chisquare) = WSSR/ndf   : 3.12748

Final set of parameters            Asymptotic Standard Error
=======================            ==========================
a               = 1.46816          +/- 0.2264       (15.42%)
b               = 1.78251          +/- 0.2746       (15.4%)

correlation matrix of the fit parameters:
                a      b      
a               1.000 
b              -0.496  1.000 


*******************************************************************************
Thu Jun 26 14:52:19 2025


FIT:    data read from datafile using 1:2
        format = x:z
        x range restricted to [-3.00000 : 4.00000]
        #datapoints = 55
        residuals are weighted equally (unit weight)

function used for fitting: f(x)
	f(x) = a*x + b
fitted parameters initialized with current variable values

iter      chisq       delta/lim  lambda   a             b            
   0 2.4138960000e+02   0.00e+00  1.11e+00    1.000000e+00   1.000000e+00
   3 1.6575657547e+02  -6.43e-07  1.11e-03    1.468161e+00   1.782507e+00

After 3 iterations the fit converged.
final sum of squares of residuals : 165.757
rel. change during last iteration : -6.43291e-12

degrees of freedom    (FIT_NDF)                        : 53
rms of residuals      (FIT_STDFIT) = sqrt(WSSR/ndf)    : 1.76847
variance of residuals (reduced chisquare) = WSSR/ndf   : 3.12748

Final set of parameters            Asymptotic Standard Error
=======================            ==========================
a               = 1.46816          +/- 0.2264       (15.42%)
b               = 1.78251          +/- 0.2746       (15.4%)

correlation matrix of the fit parameters:
                a      b      
a               1.000 
b              -0.496  1.000 


*******************************************************************************
Thu Jun 26 14:52:45 2025


FIT:    data read from datafile using 1:2
        format = x:z
        x range restricted to [-3.00000 : 4.00000]
        #datapoints = 55
        residuals are weighted equally (unit weight)

function used for fitting: f(x)
	f(x) = a*x + b
fitted parameters initialized with current variable values

iter      chisq       delta/lim  lambda   a             b            
   0 2.4138960000e+02   0.00e+00  1.11e+00    1.000000e+00   1.000000e+00
   3 1.6575657547e+02  -6.43e-07  1.11e-03    1.468161e+00   1.782507e+00

After 3 iterations the fit converged.
final sum of squares of residuals : 165.757
rel. change during last iteration : -6.43291e-12

degrees of freedom    (FIT_NDF)                        : 53
rms of residuals      (FIT_STDFIT) = sqrt(WSSR/ndf)    : 1.76847
variance of residuals (reduced chisquare) = WSSR/ndf   : 3.12748

Final set of parameters            Asymptotic Standard Error
=======================            ==========================
a               = 1.46816          +/- 0.2264       (15.42%)
b               = 1.78251          +/- 0.2746       (15.4%)

correlation matrix of the fit parameters:
                a      b      
a               1.000 
b              -0.496  1.000 


*******************************************************************************
Thu Jun 26 14:55:22 2025


FIT:    data read from datafile using 1:2
        format = x:z
        x range restricted to [-3.00000 : 4.00000]
        #datapoints = 55
        residuals are weighted equally (unit weight)

function used for fitting: f(x)
	f(x) = a*x + b
fitted parameters initialized with current variable values

iter      chisq       delta/lim  lambda   a             b            
   0 2.4138960000e+02   0.00e+00  1.11e+00    1.000000e+00   1.000000e+00
   3 1.6575657547e+02  -6.43e-07  1.11e-03    1.468161e+00   1.782507e+00

After 3 iterations the fit converged.
final sum of squares of residuals : 165.757
rel. change during last iteration : -6.43291e-12

degrees of freedom    (FIT_NDF)                        : 53
rms of residuals      (FIT_STDFIT) = sqrt(WSSR/ndf)    : 1.76847
variance of residuals (reduced chisquare) = WSSR/ndf   : 3.12748

Final set of parameters            Asymptotic Standard Error
=======================            ==========================
a               = 1.46816          +/- 0.2264       (15.42%)
b               = 1.78251          +/- 0.2746       (15.4%)

correlation matrix of the fit parameters:
                a      b      
a               1.000 
b              -0.496  1.000 


*******************************************************************************
Thu Jun 26 14:56:02 2025


FIT:    data read from datafile using 1:2
        format = x:z
        x range restricted to [-3.00000 : 4.00000]
        #datapoints = 55
        residuals are weighted equally (unit weight)

function used for fitting: f(x)
	f(x) = a*x + b
fitted parameters initialized with current variable values

iter      chisq       delta/lim  lambda   a             b            
   0 2.4138960000e+02   0.00e+00  1.11e+00    1.000000e+00   1.000000e+00
   3 1.6575657547e+02  -6.43e-07  1.11e-03    1.468161e+00   1.782507e+00

After 3 iterations the fit converged.
final sum of squares of residuals : 165.757
rel. change during last iteration : -6.43291e-12

degrees of freedom    (FIT_NDF)                        : 53
rms of residuals      (FIT_STDFIT) = sqrt(WSSR/ndf)    : 1.76847
variance of residuals (reduced chisquare) = WSSR/ndf   : 3.12748

Final set of parameters            Asymptotic Standard Error
=======================            ==========================
a               = 1.46816          +/- 0.2264       (15.42%)
b               = 1.78251          +/- 0.2746       (15.4%)

correlation matrix of the fit parameters:
                a      b      
a               1.000 
b              -0.496  1.000 


*******************************************************************************
Thu Jun 26 14:56:11 2025


FIT:    data read from datafile using 1:2
        format = x:z
        x range restricted to [-3.00000 : 4.00000]
        #datapoints = 55
        residuals are weighted equally (unit weight)

function used for fitting: f(x)
	f(x) = a*x + b
fitted parameters initialized with current variable values

iter      chisq       delta/lim  lambda   a             b            
   0 2.4138960000e+02   0.00e+00  1.11e+00    1.000000e+00   1.000000e+00
   3 1.6575657547e+02  -6.43e-07  1.11e-03    1.468161e+00   1.782507e+00

After 3 iterations the fit converged.
final sum of squares of residuals : 165.757
rel. change during last iteration : -6.43291e-12

degrees of freedom    (FIT_NDF)                        : 53
rms of residuals      (FIT_STDFIT) = sqrt(WSSR/ndf)    : 1.76847
variance of residuals (reduced chisquare) = WSSR/ndf   : 3.12748

Final set of parameters            Asymptotic Standard Error
=======================            ==========================
a               = 1.46816          +/- 0.2264       (15.42%)
b               = 1.78251          +/- 0.2746       (15.4%)

correlation matrix of the fit parameters:
                a      b      
a               1.000 
b              -0.496  1.000 


*******************************************************************************
Thu Jun 26 15:29:03 2025


FIT:    data read from datafile using 1:2
        format = x:z
        x range restricted to [-4.00000 : 4.00000]
        #datapoints = 56
        residuals are weighted equally (unit weight)

function used for fitting: f(x)
	f(x) = a*x + b
fitted parameters initialized with current variable values

iter      chisq       delta/lim  lambda   a             b            
   0 1.2800000000e+02   0.00e+00  1.26e+00    1.000000e+00   1.000000e+00
   3 6.9445133949e+01  -1.28e-06  1.26e-03    4.729832e-01   4.437718e-01

After 3 iterations the fit converged.
final sum of squares of residuals : 69.4451
rel. change during last iteration : -1.28314e-11

degrees of freedom    (FIT_NDF)                        : 54
rms of residuals      (FIT_STDFIT) = sqrt(WSSR/ndf)    : 1.13403
variance of residuals (reduced chisquare) = WSSR/ndf   : 1.28602

Final set of parameters            Asymptotic Standard Error
=======================            ==========================
a               = 0.472983         +/- 0.1044       (22.07%)
b               = 0.443772         +/- 0.1535       (34.58%)

correlation matrix of the fit parameters:
                a      b      
a               1.000 
b              -0.158  1.000 


*******************************************************************************
Thu Jun 26 15:29:37 2025


FIT:    data read from datafile using 1:2
        format = x:z
        x range restricted to [-4.00000 : 5.00000]
        #datapoints = 56
        residuals are weighted equally (unit weight)

function used for fitting: f(x)
	f(x) = a*x + b
fitted parameters initialized with current variable values

iter      chisq       delta/lim  lambda   a             b            
   0 1.2800000000e+02   0.00e+00  1.26e+00    1.000000e+00   1.000000e+00
   3 6.9445133949e+01  -1.28e-06  1.26e-03    4.729832e-01   4.437718e-01

After 3 iterations the fit converged.
final sum of squares of residuals : 69.4451
rel. change during last iteration : -1.28314e-11

degrees of freedom    (FIT_NDF)                        : 54
rms of residuals      (FIT_STDFIT) = sqrt(WSSR/ndf)    : 1.13403
variance of residuals (reduced chisquare) = WSSR/ndf   : 1.28602

Final set of parameters            Asymptotic Standard Error
=======================            ==========================
a               = 0.472983         +/- 0.1044       (22.07%)
b               = 0.443772         +/- 0.1535       (34.58%)

correlation matrix of the fit parameters:
                a      b      
a               1.000 
b              -0.158  1.000 


*******************************************************************************
Thu Jun 26 15:29:45 2025


FIT:    data read from datafile using 1:2
        format = x:z
        x range restricted to [-4.00000 : 5.00000]
        #datapoints = 56
        residuals are weighted equally (unit weight)

function used for fitting: f(x)
	f(x) = a*x + b
fitted parameters initialized with current variable values

iter      chisq       delta/lim  lambda   a             b            
   0 1.2800000000e+02   0.00e+00  1.26e+00    1.000000e+00   1.000000e+00
   3 6.9445133949e+01  -1.28e-06  1.26e-03    4.729832e-01   4.437718e-01

After 3 iterations the fit converged.
final sum of squares of residuals : 69.4451
rel. change during last iteration : -1.28314e-11

degrees of freedom    (FIT_NDF)                        : 54
rms of residuals      (FIT_STDFIT) = sqrt(WSSR/ndf)    : 1.13403
variance of residuals (reduced chisquare) = WSSR/ndf   : 1.28602

Final set of parameters            Asymptotic Standard Error
=======================            ==========================
a               = 0.472983         +/- 0.1044       (22.07%)
b               = 0.443772         +/- 0.1535       (34.58%)

correlation matrix of the fit parameters:
                a      b      
a               1.000 
b              -0.158  1.000 


*******************************************************************************
Thu Jun 26 15:29:51 2025


FIT:    data read from datafile using 1:2
        format = x:z
        x range restricted to [-4.00000 : 5.00000]
        #datapoints = 56
        residuals are weighted equally (unit weight)

function used for fitting: f(x)
	f(x) = a*x + b
fitted parameters initialized with current variable values

iter      chisq       delta/lim  lambda   a             b            
   0 1.2800000000e+02   0.00e+00  1.26e+00    1.000000e+00   1.000000e+00
   3 6.9445133949e+01  -1.28e-06  1.26e-03    4.729832e-01   4.437718e-01

After 3 iterations the fit converged.
final sum of squares of residuals : 69.4451
rel. change during last iteration : -1.28314e-11

degrees of freedom    (FIT_NDF)                        : 54
rms of residuals      (FIT_STDFIT) = sqrt(WSSR/ndf)    : 1.13403
variance of residuals (reduced chisquare) = WSSR/ndf   : 1.28602

Final set of parameters            Asymptotic Standard Error
=======================            ==========================
a               = 0.472983         +/- 0.1044       (22.07%)
b               = 0.443772         +/- 0.1535       (34.58%)

correlation matrix of the fit parameters:
                a      b      
a               1.000 
b              -0.158  1.000 


*******************************************************************************
Thu Jun 26 15:33:05 2025


FIT:    data read from datafile using 1:2
        format = x:z
        x range restricted to [-4.00000 : 5.00000]
        #datapoints = 56
        residuals are weighted equally (unit weight)

function used for fitting: f(x)
	f(x) = a*x + b
fitted parameters initialized with current variable values

iter      chisq       delta/lim  lambda   a             b            
   0 1.0178000000e+04   0.00e+00  1.10e+00    1.000000e+00   1.000000e+00
   3 8.8256202946e+03  -4.17e-06  1.10e-03    4.381342e+00   6.841244e+00

After 3 iterations the fit converged.
final sum of squares of residuals : 8825.62
rel. change during last iteration : -4.16829e-11

degrees of freedom    (FIT_NDF)                        : 54
rms of residuals      (FIT_STDFIT) = sqrt(WSSR/ndf)    : 12.7843
variance of residuals (reduced chisquare) = WSSR/ndf   : 163.437

Final set of parameters            Asymptotic Standard Error
=======================            ==========================
a               = 4.38134          +/- 1.731        (39.51%)
b               = 6.84124          +/- 2.056        (30.05%)

correlation matrix of the fit parameters:
                a      b      
a               1.000 
b               0.556  1.000 


*******************************************************************************
Thu Jun 26 15:33:21 2025


FIT:    data read from datafile using 1:2
        format = x:z
        x range restricted to [-4.00000 : 1.00000]
        #datapoints = 56
        residuals are weighted equally (unit weight)

function used for fitting: f(x)
	f(x) = a*x + b
fitted parameters initialized with current variable values

iter      chisq       delta/lim  lambda   a             b            
   0 1.0178000000e+04   0.00e+00  1.10e+00    1.000000e+00   1.000000e+00
   3 8.8256202946e+03  -4.17e-06  1.10e-03    4.381342e+00   6.841244e+00

After 3 iterations the fit converged.
final sum of squares of residuals : 8825.62
rel. change during last iteration : -4.16829e-11

degrees of freedom    (FIT_NDF)                        : 54
rms of residuals      (FIT_STDFIT) = sqrt(WSSR/ndf)    : 12.7843
variance of residuals (reduced chisquare) = WSSR/ndf   : 163.437

Final set of parameters            Asymptotic Standard Error
=======================            ==========================
a               = 4.38134          +/- 1.731        (39.51%)
b               = 6.84124          +/- 2.056        (30.05%)

correlation matrix of the fit parameters:
                a      b      
a               1.000 
b               0.556  1.000 


*******************************************************************************
Thu Jun 26 15:33:34 2025


FIT:    data read from datafile using 1:2
        format = x:z
        x range restricted to [-3.50000 : 1.00000]
        #datapoints = 55
        residuals are weighted equally (unit weight)

function used for fitting: f(x)
	f(x) = a*x + b
fitted parameters initialized with current variable values

iter      chisq       delta/lim  lambda   a             b            
   0 1.0169000000e+04   0.00e+00  1.04e+00    1.000000e+00   1.000000e+00
   3 8.7974090909e+03  -3.93e-06  1.04e-03    4.750000e+00   6.977273e+00

After 3 iterations the fit converged.
final sum of squares of residuals : 8797.41
rel. change during last iteration : -3.93204e-11

degrees of freedom    (FIT_NDF)                        : 53
rms of residuals      (FIT_STDFIT) = sqrt(WSSR/ndf)    : 12.8837
variance of residuals (reduced chisquare) = WSSR/ndf   : 165.989

Final set of parameters            Asymptotic Standard Error
=======================            ==========================
a               = 4.75             +/- 1.96         (41.27%)
b               = 6.97727          +/- 2.098        (30.07%)

correlation matrix of the fit parameters:
                a      b      
a               1.000 
b               0.561  1.000 


*******************************************************************************
Thu Jun 26 15:34:51 2025


FIT:    data read from datafile using 1:2
        format = x:z
        x range restricted to [-3.50000 : 1.00000]
        #datapoints = 47
        residuals are weighted equally (unit weight)

function used for fitting: f(x)
	f(x) = a*x + b
fitted parameters initialized with current variable values

iter      chisq       delta/lim  lambda   a             b            
   0 1.0141000000e+04   0.00e+00  1.02e+00    1.000000e+00   1.000000e+00
   3 8.7213820542e+03  -4.91e-06  1.02e-03    5.024266e+00   7.289503e+00

After 3 iterations the fit converged.
final sum of squares of residuals : 8721.38
rel. change during last iteration : -4.91216e-11

degrees of freedom    (FIT_NDF)                        : 45
rms of residuals      (FIT_STDFIT) = sqrt(WSSR/ndf)    : 13.9215
variance of residuals (reduced chisquare) = WSSR/ndf   : 193.808

Final set of parameters            Asymptotic Standard Error
=======================            ==========================
a               = 5.02427          +/- 2.267        (45.13%)
b               = 7.2895           +/- 2.362        (32.4%)

correlation matrix of the fit parameters:
                a      b      
a               1.000 
b               0.511  1.000 


*******************************************************************************
Thu Jun 26 15:35:16 2025


FIT:    data read from datafile using 1:2
        format = x:z
        x range restricted to [-3.50000 : 1.00000]
        #datapoints = 47
        residuals are weighted equally (unit weight)

function used for fitting: f(x)
	f(x) = a*x + b
fitted parameters initialized with current variable values

iter      chisq       delta/lim  lambda   a             b            
   0 1.0141000000e+04   0.00e+00  1.02e+00    1.000000e+00   1.000000e+00
   3 8.7213820542e+03  -4.91e-06  1.02e-03    5.024266e+00   7.289503e+00

After 3 iterations the fit converged.
final sum of squares of residuals : 8721.38
rel. change during last iteration : -4.91216e-11

degrees of freedom    (FIT_NDF)                        : 45
rms of residuals      (FIT_STDFIT) = sqrt(WSSR/ndf)    : 13.9215
variance of residuals (reduced chisquare) = WSSR/ndf   : 193.808

Final set of parameters            Asymptotic Standard Error
=======================            ==========================
a               = 5.02427          +/- 2.267        (45.13%)
b               = 7.2895           +/- 2.362        (32.4%)

correlation matrix of the fit parameters:
                a      b      
a               1.000 
b               0.511  1.000 


*******************************************************************************
Thu Jun 26 15:35:45 2025


FIT:    data read from datafile using 1:2
        format = x:z
        x range restricted to [-3.50000 : 1.00000]
        #datapoints = 55
        residuals are weighted equally (unit weight)

function used for fitting: f(x)
	f(x) = a*x + b
fitted parameters initialized with current variable values

iter      chisq       delta/lim  lambda   a             b            
   0 1.0169000000e+04   0.00e+00  1.04e+00    1.000000e+00   1.000000e+00
   3 8.7974090909e+03  -3.93e-06  1.04e-03    4.750000e+00   6.977273e+00

After 3 iterations the fit converged.
final sum of squares of residuals : 8797.41
rel. change during last iteration : -3.93204e-11

degrees of freedom    (FIT_NDF)                        : 53
rms of residuals      (FIT_STDFIT) = sqrt(WSSR/ndf)    : 12.8837
variance of residuals (reduced chisquare) = WSSR/ndf   : 165.989

Final set of parameters            Asymptotic Standard Error
=======================            ==========================
a               = 4.75             +/- 1.96         (41.27%)
b               = 6.97727          +/- 2.098        (30.07%)

correlation matrix of the fit parameters:
                a      b      
a               1.000 
b               0.561  1.000 


*******************************************************************************
Thu Jun 26 15:36:07 2025


FIT:    data read from datafile using 1:2
        format = x:z
        x range restricted to [-3.50000 : 1.00000]
        #datapoints = 47
        residuals are weighted equally (unit weight)

function used for fitting: f(x)
	f(x) = a*x + b
fitted parameters initialized with current variable values

iter      chisq       delta/lim  lambda   a             b            
   0 1.0141000000e+04   0.00e+00  1.02e+00    1.000000e+00   1.000000e+00
   3 8.7213820542e+03  -4.91e-06  1.02e-03    5.024266e+00   7.289503e+00

After 3 iterations the fit converged.
final sum of squares of residuals : 8721.38
rel. change during last iteration : -4.91216e-11

degrees of freedom    (FIT_NDF)                        : 45
rms of residuals      (FIT_STDFIT) = sqrt(WSSR/ndf)    : 13.9215
variance of residuals (reduced chisquare) = WSSR/ndf   : 193.808

Final set of parameters            Asymptotic Standard Error
=======================            ==========================
a               = 5.02427          +/- 2.267        (45.13%)
b               = 7.2895           +/- 2.362        (32.4%)

correlation matrix of the fit parameters:
                a      b      
a               1.000 
b               0.511  1.000 


*******************************************************************************
Thu Jun 26 15:37:56 2025


FIT:    data read from datafile using 1:2
        format = x:z
        x range restricted to [-3.50000 : 1.00000]
        #datapoints = 55
        residuals are weighted equally (unit weight)

function used for fitting: f(x)
	f(x) = a*x + b
fitted parameters initialized with current variable values

iter      chisq       delta/lim  lambda   a             b            
   0 3.8600000000e+02   0.00e+00  1.15e+00    1.000000e+00   1.000000e+00
   3 3.0538931298e+02  -2.73e-07  1.15e-03    3.944020e-01   1.758270e+00

After 3 iterations the fit converged.
final sum of squares of residuals : 305.389
rel. change during last iteration : -2.73357e-12

degrees of freedom    (FIT_NDF)                        : 53
rms of residuals      (FIT_STDFIT) = sqrt(WSSR/ndf)    : 2.40043
variance of residuals (reduced chisquare) = WSSR/ndf   : 5.76206

Final set of parameters            Asymptotic Standard Error
=======================            ==========================
a               = 0.394402         +/- 0.2592       (65.73%)
b               = 1.75827          +/- 0.3334       (18.96%)

correlation matrix of the fit parameters:
                a      b      
a               1.000 
b               0.240  1.000 


*******************************************************************************
Thu Jun 26 15:38:51 2025


FIT:    data read from datafile using 1:2
        format = x:z
        x range restricted to [-3.50000 : 1.00000]
        #datapoints = 55
        residuals are weighted equally (unit weight)

function used for fitting: f(x)
	f(x) = a*x + b
fitted parameters initialized with current variable values

iter      chisq       delta/lim  lambda   a             b            
   0 3.8600000000e+02   0.00e+00  1.15e+00    1.000000e+00   1.000000e+00
   3 3.0538931298e+02  -2.73e-07  1.15e-03    3.944020e-01   1.758270e+00

After 3 iterations the fit converged.
final sum of squares of residuals : 305.389
rel. change during last iteration : -2.73357e-12

degrees of freedom    (FIT_NDF)                        : 53
rms of residuals      (FIT_STDFIT) = sqrt(WSSR/ndf)    : 2.40043
variance of residuals (reduced chisquare) = WSSR/ndf   : 5.76206

Final set of parameters            Asymptotic Standard Error
=======================            ==========================
a               = 0.394402         +/- 0.2592       (65.73%)
b               = 1.75827          +/- 0.3334       (18.96%)

correlation matrix of the fit parameters:
                a      b      
a               1.000 
b               0.240  1.000 


*******************************************************************************
Thu Jun 26 15:39:42 2025


FIT:    data read from datafile using 1:2
        format = x:z
        x range restricted to [-6.00000 : 2.50000]
        #datapoints = 56
        residuals are weighted equally (unit weight)

function used for fitting: f(x)
	f(x) = a*x + b
fitted parameters initialized with current variable values

iter      chisq       delta/lim  lambda   a             b            
   0 4.0200000000e+02   0.00e+00  1.24e+00    1.000000e+00   1.000000e+00
   3 3.0542514970e+02  -4.77e-07  1.24e-03    3.852295e-01   1.758483e+00

After 3 iterations the fit converged.
final sum of squares of residuals : 305.425
rel. change during last iteration : -4.76764e-12

degrees of freedom    (FIT_NDF)                        : 54
rms of residuals      (FIT_STDFIT) = sqrt(WSSR/ndf)    : 2.37824
variance of residuals (reduced chisquare) = WSSR/ndf   : 5.65602

Final set of parameters            Asymptotic Standard Error
=======================            ==========================
a               = 0.38523          +/- 0.2295       (59.58%)
b               = 1.75848          +/- 0.3304       (18.79%)

correlation matrix of the fit parameters:
                a      b      
a               1.000 
b               0.273  1.000 


*******************************************************************************
Thu Jun 26 15:39:58 2025


FIT:    data read from datafile using 1:2
        format = x:z
        x range restricted to [-6.00000 : 2.50000]
        #datapoints = 56
        residuals are weighted equally (unit weight)

function used for fitting: f(x)
	f(x) = a*x + b
fitted parameters initialized with current variable values

iter      chisq       delta/lim  lambda   a             b            
   0 4.0200000000e+02   0.00e+00  1.24e+00    1.000000e+00   1.000000e+00
   3 3.0542514970e+02  -4.77e-07  1.24e-03    3.852295e-01   1.758483e+00

After 3 iterations the fit converged.
final sum of squares of residuals : 305.425
rel. change during last iteration : -4.76764e-12

degrees of freedom    (FIT_NDF)                        : 54
rms of residuals      (FIT_STDFIT) = sqrt(WSSR/ndf)    : 2.37824
variance of residuals (reduced chisquare) = WSSR/ndf   : 5.65602

Final set of parameters            Asymptotic Standard Error
=======================            ==========================
a               = 0.38523          +/- 0.2295       (59.58%)
b               = 1.75848          +/- 0.3304       (18.79%)

correlation matrix of the fit parameters:
                a      b      
a               1.000 
b               0.273  1.000 


*******************************************************************************
Thu Jun 26 15:41:41 2025


FIT:    data read from datafile using 1:2
        format = x:z
        x range restricted to [-6.00000 : 2.50000]
        #datapoints = 56
        residuals are weighted equally (unit weight)

function used for fitting: f(x)
	f(x) = a*x + b
fitted parameters initialized with current variable values

iter      chisq       delta/lim  lambda   a             b            
   0 1.5940000000e+03   0.00e+00  1.54e+00    1.000000e+00   1.000000e+00
   3 1.8213985149e+02  -1.21e-03  1.54e-03    6.794554e-01   5.587871e+00

After 3 iterations the fit converged.
final sum of squares of residuals : 182.14
rel. change during last iteration : -1.20891e-08

degrees of freedom    (FIT_NDF)                        : 54
rms of residuals      (FIT_STDFIT) = sqrt(WSSR/ndf)    : 1.83656
variance of residuals (reduced chisquare) = WSSR/ndf   : 3.37296

Final set of parameters            Asymptotic Standard Error
=======================            ==========================
a               = 0.679455         +/- 0.1709       (25.16%)
b               = 5.58787          +/- 0.3294       (5.896%)

correlation matrix of the fit parameters:
                a      b      
a               1.000 
b               0.667  1.000 


*******************************************************************************
Thu Jun 26 15:42:21 2025


FIT:    data read from datafile using 1:2
        format = x:z
        x range restricted to [1.00000 : 10.0000]
BREAK: No data to fit

*******************************************************************************
Thu Jun 26 15:43:04 2025


FIT:    data read from datafile using 1:2
        format = x:z
        x range restricted to [-1.00000 : 2.00000]
        #datapoints = 33
        residuals are weighted equally (unit weight)

function used for fitting: f(x)
	f(x) = a*x + b
fitted parameters initialized with current variable values

iter      chisq       delta/lim  lambda   a             b            
   0 8.4800000000e+02   0.00e+00  8.26e-01    1.000000e+00   1.000000e+00
   3 1.2704166667e+02  -4.46e-05  8.26e-04    1.458333e+00   5.750000e+00

After 3 iterations the fit converged.
final sum of squares of residuals : 127.042
rel. change during last iteration : -4.45862e-10

degrees of freedom    (FIT_NDF)                        : 31
rms of residuals      (FIT_STDFIT) = sqrt(WSSR/ndf)    : 2.02438
variance of residuals (reduced chisquare) = WSSR/ndf   : 4.09812

Final set of parameters            Asymptotic Standard Error
=======================            ==========================
a               = 1.45833          +/- 0.6129       (42.03%)
b               = 5.75             +/- 0.3696       (6.428%)

correlation matrix of the fit parameters:
                a      b      
a               1.000 
b               0.302  1.000 


*******************************************************************************
Thu Jun 26 15:43:25 2025


FIT:    data read from datafile using 1:2
        format = x:z
        x range restricted to [-5.00000 : 3.00000]
        #datapoints = 56
        residuals are weighted equally (unit weight)

function used for fitting: f(x)
	f(x) = a*x + b
fitted parameters initialized with current variable values

iter      chisq       delta/lim  lambda   a             b            
   0 1.5940000000e+03   0.00e+00  1.54e+00    1.000000e+00   1.000000e+00
   3 1.8213985149e+02  -1.21e-03  1.54e-03    6.794554e-01   5.587871e+00

After 3 iterations the fit converged.
final sum of squares of residuals : 182.14
rel. change during last iteration : -1.20891e-08

degrees of freedom    (FIT_NDF)                        : 54
rms of residuals      (FIT_STDFIT) = sqrt(WSSR/ndf)    : 1.83656
variance of residuals (reduced chisquare) = WSSR/ndf   : 3.37296

Final set of parameters            Asymptotic Standard Error
=======================            ==========================
a               = 0.679455         +/- 0.1709       (25.16%)
b               = 5.58787          +/- 0.3294       (5.896%)

correlation matrix of the fit parameters:
                a      b      
a               1.000 
b               0.667  1.000 


*******************************************************************************
Thu Jun 26 15:43:38 2025


FIT:    data read from datafile using 1:2
        format = x:z
        x range restricted to [-5.00000 : 3.00000]
        #datapoints = 56
        residuals are weighted equally (unit weight)

function used for fitting: f(x)
	f(x) = a*x + b
fitted parameters initialized with current variable values

iter      chisq       delta/lim  lambda   a             b            
   0 1.5940000000e+03   0.00e+00  1.54e+00    1.000000e+00   1.000000e+00
   3 1.8213985149e+02  -1.21e-03  1.54e-03    6.794554e-01   5.587871e+00

After 3 iterations the fit converged.
final sum of squares of residuals : 182.14
rel. change during last iteration : -1.20891e-08

degrees of freedom    (FIT_NDF)                        : 54
rms of residuals      (FIT_STDFIT) = sqrt(WSSR/ndf)    : 1.83656
variance of residuals (reduced chisquare) = WSSR/ndf   : 3.37296

Final set of parameters            Asymptotic Standard Error
=======================            ==========================
a               = 0.679455         +/- 0.1709       (25.16%)
b               = 5.58787          +/- 0.3294       (5.896%)

correlation matrix of the fit parameters:
                a      b      
a               1.000 
b               0.667  1.000 


*******************************************************************************
Thu Jun 26 15:43:51 2025


FIT:    data read from datafile using 1:2
        format = x:z
        x range restricted to [-5.00000 : 3.00000]
        #datapoints = 56
        residuals are weighted equally (unit weight)

function used for fitting: f(x)
	f(x) = a*x + b
fitted parameters initialized with current variable values

iter      chisq       delta/lim  lambda   a             b            
   0 1.5940000000e+03   0.00e+00  1.54e+00    1.000000e+00   1.000000e+00
   3 1.8213985149e+02  -1.21e-03  1.54e-03    6.794554e-01   5.587871e+00

After 3 iterations the fit converged.
final sum of squares of residuals : 182.14
rel. change during last iteration : -1.20891e-08

degrees of freedom    (FIT_NDF)                        : 54
rms of residuals      (FIT_STDFIT) = sqrt(WSSR/ndf)    : 1.83656
variance of residuals (reduced chisquare) = WSSR/ndf   : 3.37296

Final set of parameters            Asymptotic Standard Error
=======================            ==========================
a               = 0.679455         +/- 0.1709       (25.16%)
b               = 5.58787          +/- 0.3294       (5.896%)

correlation matrix of the fit parameters:
                a      b      
a               1.000 
b               0.667  1.000 
