

*******************************************************************************
Thu Jun 26 12:58:57 2025


FIT:    data read from datafile using 1:2
        format = x:z
        x range restricted to [-3.00000 : 10.0000]
        #datapoints = 56
        residuals are weighted equally (unit weight)

function used for fitting: f(x)
	f(x) = a*x + b
fitted parameters initialized with current variable values

iter      chisq       delta/lim  lambda   a             b            
   0 2.7910000000e+02   0.00e+00  1.39e+00    1.000000e+00   1.000000e+00
   3 2.6871465996e+02  -1.67e-06  1.39e-03    8.021636e-01   1.457235e+00

After 3 iterations the fit converged.
final sum of squares of residuals : 268.715
rel. change during last iteration : -1.66599e-11

degrees of freedom    (FIT_NDF)                        : 54
rms of residuals      (FIT_STDFIT) = sqrt(WSSR/ndf)    : 2.23074
variance of residuals (reduced chisquare) = WSSR/ndf   : 4.9762

Final set of parameters            Asymptotic Standard Error
=======================            ==========================
a               = 0.802164         +/- 0.1966       (24.5%)
b               = 1.45724          +/- 0.3325       (22.82%)

correlation matrix of the fit parameters:
                a      b      
a               1.000 
b              -0.443  1.000 


*******************************************************************************
Thu Jun 26 14:32:55 2025


FIT:    data read from datafile using 1:2
        format = x:z
        x range restricted to [-3.00000 : 10.0000]
        #datapoints = 56
        residuals are weighted equally (unit weight)

function used for fitting: f(x)
	f(x) = a*x + b
fitted parameters initialized with current variable values

iter      chisq       delta/lim  lambda   a             b            
   0 2.7910000000e+02   0.00e+00  1.39e+00    1.000000e+00   1.000000e+00
   3 2.6871465996e+02  -1.67e-06  1.39e-03    8.021636e-01   1.457235e+00

After 3 iterations the fit converged.
final sum of squares of residuals : 268.715
rel. change during last iteration : -1.66599e-11

degrees of freedom    (FIT_NDF)                        : 54
rms of residuals      (FIT_STDFIT) = sqrt(WSSR/ndf)    : 2.23074
variance of residuals (reduced chisquare) = WSSR/ndf   : 4.9762

Final set of parameters            Asymptotic Standard Error
=======================            ==========================
a               = 0.802164         +/- 0.1966       (24.5%)
b               = 1.45724          +/- 0.3325       (22.82%)

correlation matrix of the fit parameters:
                a      b      
a               1.000 
b              -0.443  1.000 


*******************************************************************************
Thu Jun 26 14:33:03 2025


FIT:    data read from datafile using 1:2
        format = x:z
        x range restricted to [-3.00000 : 10.0000]
        #datapoints = 56
        residuals are weighted equally (unit weight)

function used for fitting: f(x)
	f(x) = a*x + b
fitted parameters initialized with current variable values

iter      chisq       delta/lim  lambda   a             b            
   0 2.7910000000e+02   0.00e+00  1.39e+00    1.000000e+00   1.000000e+00
   3 2.6871465996e+02  -1.67e-06  1.39e-03    8.021636e-01   1.457235e+00

After 3 iterations the fit converged.
final sum of squares of residuals : 268.715
rel. change during last iteration : -1.66599e-11

degrees of freedom    (FIT_NDF)                        : 54
rms of residuals      (FIT_STDFIT) = sqrt(WSSR/ndf)    : 2.23074
variance of residuals (reduced chisquare) = WSSR/ndf   : 4.9762

Final set of parameters            Asymptotic Standard Error
=======================            ==========================
a               = 0.802164         +/- 0.1966       (24.5%)
b               = 1.45724          +/- 0.3325       (22.82%)

correlation matrix of the fit parameters:
                a      b      
a               1.000 
b              -0.443  1.000 


*******************************************************************************
Thu Jun 26 14:33:24 2025


FIT:    data read from datafile using 1:2
        format = x:z
        x range restricted to [-3.00000 : 10.0000]
        #datapoints = 56
        residuals are weighted equally (unit weight)

function used for fitting: f(x)
	f(x) = a*x + b
fitted parameters initialized with current variable values

iter      chisq       delta/lim  lambda   a             b            
   0 2.7910000000e+02   0.00e+00  1.39e+00    1.000000e+00   1.000000e+00
   3 2.6871465996e+02  -1.67e-06  1.39e-03    8.021636e-01   1.457235e+00

After 3 iterations the fit converged.
final sum of squares of residuals : 268.715
rel. change during last iteration : -1.66599e-11

degrees of freedom    (FIT_NDF)                        : 54
rms of residuals      (FIT_STDFIT) = sqrt(WSSR/ndf)    : 2.23074
variance of residuals (reduced chisquare) = WSSR/ndf   : 4.9762

Final set of parameters            Asymptotic Standard Error
=======================            ==========================
a               = 0.802164         +/- 0.1966       (24.5%)
b               = 1.45724          +/- 0.3325       (22.82%)

correlation matrix of the fit parameters:
                a      b      
a               1.000 
b              -0.443  1.000 


*******************************************************************************
Thu Jun 26 14:33:33 2025


FIT:    data read from datafile using 1:2
        format = x:z
        x range restricted to [-3.00000 : 10.0000]
        #datapoints = 56
        residuals are weighted equally (unit weight)

function used for fitting: f(x)
	f(x) = a*x + b
fitted parameters initialized with current variable values

iter      chisq       delta/lim  lambda   a             b            
   0 2.7910000000e+02   0.00e+00  1.39e+00    1.000000e+00   1.000000e+00
   3 2.6871465996e+02  -1.67e-06  1.39e-03    8.021636e-01   1.457235e+00

After 3 iterations the fit converged.
final sum of squares of residuals : 268.715
rel. change during last iteration : -1.66599e-11

degrees of freedom    (FIT_NDF)                        : 54
rms of residuals      (FIT_STDFIT) = sqrt(WSSR/ndf)    : 2.23074
variance of residuals (reduced chisquare) = WSSR/ndf   : 4.9762

Final set of parameters            Asymptotic Standard Error
=======================            ==========================
a               = 0.802164         +/- 0.1966       (24.5%)
b               = 1.45724          +/- 0.3325       (22.82%)

correlation matrix of the fit parameters:
                a      b      
a               1.000 
b              -0.443  1.000 


*******************************************************************************
Thu Jun 26 14:33:47 2025


FIT:    data read from datafile using 1:2
        format = x:z
        x range restricted to [-3.00000 : 10.0000]
        #datapoints = 56
        residuals are weighted equally (unit weight)

function used for fitting: f(x)
	f(x) = a*x + b
fitted parameters initialized with current variable values

iter      chisq       delta/lim  lambda   a             b            
   0 2.7910000000e+02   0.00e+00  1.39e+00    1.000000e+00   1.000000e+00
   3 2.6871465996e+02  -1.67e-06  1.39e-03    8.021636e-01   1.457235e+00

After 3 iterations the fit converged.
final sum of squares of residuals : 268.715
rel. change during last iteration : -1.66599e-11

degrees of freedom    (FIT_NDF)                        : 54
rms of residuals      (FIT_STDFIT) = sqrt(WSSR/ndf)    : 2.23074
variance of residuals (reduced chisquare) = WSSR/ndf   : 4.9762

Final set of parameters            Asymptotic Standard Error
=======================            ==========================
a               = 0.802164         +/- 0.1966       (24.5%)
b               = 1.45724          +/- 0.3325       (22.82%)

correlation matrix of the fit parameters:
                a      b      
a               1.000 
b              -0.443  1.000 


*******************************************************************************
Thu Jun 26 14:35:27 2025


FIT:    data read from datafile using 1:2
        format = x:z
        x range restricted to [-3.00000 : 10.0000]
        #datapoints = 56
        residuals are weighted equally (unit weight)

function used for fitting: f(x)
	f(x) = a*x + b
fitted parameters initialized with current variable values

iter      chisq       delta/lim  lambda   a             b            
   0 2.7910000000e+02   0.00e+00  1.39e+00    1.000000e+00   1.000000e+00
   3 2.6871465996e+02  -1.67e-06  1.39e-03    8.021636e-01   1.457235e+00

After 3 iterations the fit converged.
final sum of squares of residuals : 268.715
rel. change during last iteration : -1.66599e-11

degrees of freedom    (FIT_NDF)                        : 54
rms of residuals      (FIT_STDFIT) = sqrt(WSSR/ndf)    : 2.23074
variance of residuals (reduced chisquare) = WSSR/ndf   : 4.9762

Final set of parameters            Asymptotic Standard Error
=======================            ==========================
a               = 0.802164         +/- 0.1966       (24.5%)
b               = 1.45724          +/- 0.3325       (22.82%)

correlation matrix of the fit parameters:
                a      b      
a               1.000 
b              -0.443  1.000 


*******************************************************************************
Thu Jun 26 14:36:16 2025


FIT:    data read from datafile using 1:2
        format = x:z
        x range restricted to [-3.00000 : 10.0000]
        #datapoints = 56
        residuals are weighted equally (unit weight)

function used for fitting: f(x)
	f(x) = a*x + b
fitted parameters initialized with current variable values

iter      chisq       delta/lim  lambda   a             b            
   0 2.7910000000e+02   0.00e+00  1.39e+00    1.000000e+00   1.000000e+00
   3 2.6871465996e+02  -1.67e-06  1.39e-03    8.021636e-01   1.457235e+00

After 3 iterations the fit converged.
final sum of squares of residuals : 268.715
rel. change during last iteration : -1.66599e-11

degrees of freedom    (FIT_NDF)                        : 54
rms of residuals      (FIT_STDFIT) = sqrt(WSSR/ndf)    : 2.23074
variance of residuals (reduced chisquare) = WSSR/ndf   : 4.9762

Final set of parameters            Asymptotic Standard Error
=======================            ==========================
a               = 0.802164         +/- 0.1966       (24.5%)
b               = 1.45724          +/- 0.3325       (22.82%)

correlation matrix of the fit parameters:
                a      b      
a               1.000 
b              -0.443  1.000 


*******************************************************************************
Thu Jun 26 14:36:27 2025


FIT:    data read from datafile using 1:2
        format = x:z
        x range restricted to [-3.00000 : 10.0000]
        #datapoints = 56
        residuals are weighted equally (unit weight)

function used for fitting: f(x)
	f(x) = a*x + b
fitted parameters initialized with current variable values

iter      chisq       delta/lim  lambda   a             b            
   0 2.7910000000e+02   0.00e+00  1.39e+00    1.000000e+00   1.000000e+00
   3 2.6871465996e+02  -1.67e-06  1.39e-03    8.021636e-01   1.457235e+00

After 3 iterations the fit converged.
final sum of squares of residuals : 268.715
rel. change during last iteration : -1.66599e-11

degrees of freedom    (FIT_NDF)                        : 54
rms of residuals      (FIT_STDFIT) = sqrt(WSSR/ndf)    : 2.23074
variance of residuals (reduced chisquare) = WSSR/ndf   : 4.9762

Final set of parameters            Asymptotic Standard Error
=======================            ==========================
a               = 0.802164         +/- 0.1966       (24.5%)
b               = 1.45724          +/- 0.3325       (22.82%)

correlation matrix of the fit parameters:
                a      b      
a               1.000 
b              -0.443  1.000 


*******************************************************************************
Thu Jun 26 14:36:42 2025


FIT:    data read from datafile using 1:2
        format = x:z
        x range restricted to [-3.00000 : 10.0000]
        #datapoints = 56
        residuals are weighted equally (unit weight)

function used for fitting: f(x)
	f(x) = a*x + b
fitted parameters initialized with current variable values

iter      chisq       delta/lim  lambda   a             b            
   0 2.7910000000e+02   0.00e+00  1.39e+00    1.000000e+00   1.000000e+00
   3 2.6871465996e+02  -1.67e-06  1.39e-03    8.021636e-01   1.457235e+00

After 3 iterations the fit converged.
final sum of squares of residuals : 268.715
rel. change during last iteration : -1.66599e-11

degrees of freedom    (FIT_NDF)                        : 54
rms of residuals      (FIT_STDFIT) = sqrt(WSSR/ndf)    : 2.23074
variance of residuals (reduced chisquare) = WSSR/ndf   : 4.9762

Final set of parameters            Asymptotic Standard Error
=======================            ==========================
a               = 0.802164         +/- 0.1966       (24.5%)
b               = 1.45724          +/- 0.3325       (22.82%)

correlation matrix of the fit parameters:
                a      b      
a               1.000 
b              -0.443  1.000 


*******************************************************************************
Thu Jun 26 14:36:59 2025


FIT:    data read from datafile using 1:2
        format = x:z
        x range restricted to [-3.00000 : 10.0000]
        #datapoints = 56
        residuals are weighted equally (unit weight)

function used for fitting: f(x)
	f(x) = a*x + b
fitted parameters initialized with current variable values

iter      chisq       delta/lim  lambda   a             b            
   0 2.7910000000e+02   0.00e+00  1.39e+00    1.000000e+00   1.000000e+00
   3 2.6871465996e+02  -1.67e-06  1.39e-03    8.021636e-01   1.457235e+00

After 3 iterations the fit converged.
final sum of squares of residuals : 268.715
rel. change during last iteration : -1.66599e-11

degrees of freedom    (FIT_NDF)                        : 54
rms of residuals      (FIT_STDFIT) = sqrt(WSSR/ndf)    : 2.23074
variance of residuals (reduced chisquare) = WSSR/ndf   : 4.9762

Final set of parameters            Asymptotic Standard Error
=======================            ==========================
a               = 0.802164         +/- 0.1966       (24.5%)
b               = 1.45724          +/- 0.3325       (22.82%)

correlation matrix of the fit parameters:
                a      b      
a               1.000 
b              -0.443  1.000 


*******************************************************************************
Thu Jun 26 14:41:06 2025


FIT:    data read from datafile using 1:2
        format = x:z
        x range restricted to [-3.00000 : 10.0000]
        #datapoints = 56
        residuals are weighted equally (unit weight)

function used for fitting: f(x)
	f(x) = a*x + b
fitted parameters initialized with current variable values

iter      chisq       delta/lim  lambda   a             b            
   0 2.7910000000e+02   0.00e+00  1.39e+00    1.000000e+00   1.000000e+00
   3 2.6871465996e+02  -1.67e-06  1.39e-03    8.021636e-01   1.457235e+00

After 3 iterations the fit converged.
final sum of squares of residuals : 268.715
rel. change during last iteration : -1.66599e-11

degrees of freedom    (FIT_NDF)                        : 54
rms of residuals      (FIT_STDFIT) = sqrt(WSSR/ndf)    : 2.23074
variance of residuals (reduced chisquare) = WSSR/ndf   : 4.9762

Final set of parameters            Asymptotic Standard Error
=======================            ==========================
a               = 0.802164         +/- 0.1966       (24.5%)
b               = 1.45724          +/- 0.3325       (22.82%)

correlation matrix of the fit parameters:
                a      b      
a               1.000 
b              -0.443  1.000 


*******************************************************************************
Thu Jun 26 14:42:14 2025


FIT:    data read from datafile using 1:2
        format = x:z
        x range restricted to [-3.00000 : 10.0000]
        #datapoints = 56
        residuals are weighted equally (unit weight)

function used for fitting: f(x)
	f(x) = a*x + b
fitted parameters initialized with current variable values

iter      chisq       delta/lim  lambda   a             b            
   0 2.7910000000e+02   0.00e+00  1.39e+00    1.000000e+00   1.000000e+00
   3 2.6871465996e+02  -1.67e-06  1.39e-03    8.021636e-01   1.457235e+00

After 3 iterations the fit converged.
final sum of squares of residuals : 268.715
rel. change during last iteration : -1.66599e-11

degrees of freedom    (FIT_NDF)                        : 54
rms of residuals      (FIT_STDFIT) = sqrt(WSSR/ndf)    : 2.23074
variance of residuals (reduced chisquare) = WSSR/ndf   : 4.9762

Final set of parameters            Asymptotic Standard Error
=======================            ==========================
a               = 0.802164         +/- 0.1966       (24.5%)
b               = 1.45724          +/- 0.3325       (22.82%)

correlation matrix of the fit parameters:
                a      b      
a               1.000 
b              -0.443  1.000 


*******************************************************************************
Thu Jun 26 14:43:04 2025


FIT:    data read from datafile using 1:2
        format = x:z
        x range restricted to [-3.00000 : 10.0000]
        #datapoints = 56
        residuals are weighted equally (unit weight)

function used for fitting: f(x)
	f(x) = a*x + b
fitted parameters initialized with current variable values

iter      chisq       delta/lim  lambda   a             b            
   0 2.7910000000e+02   0.00e+00  1.39e+00    1.000000e+00   1.000000e+00
   3 2.6871465996e+02  -1.67e-06  1.39e-03    8.021636e-01   1.457235e+00

After 3 iterations the fit converged.
final sum of squares of residuals : 268.715
rel. change during last iteration : -1.66599e-11

degrees of freedom    (FIT_NDF)                        : 54
rms of residuals      (FIT_STDFIT) = sqrt(WSSR/ndf)    : 2.23074
variance of residuals (reduced chisquare) = WSSR/ndf   : 4.9762

Final set of parameters            Asymptotic Standard Error
=======================            ==========================
a               = 0.802164         +/- 0.1966       (24.5%)
b               = 1.45724          +/- 0.3325       (22.82%)

correlation matrix of the fit parameters:
                a      b      
a               1.000 
b              -0.443  1.000 


*******************************************************************************
Thu Jun 26 14:43:37 2025


FIT:    data read from datafile using 1:2
        format = x:z
        x range restricted to [-3.00000 : 10.0000]
        #datapoints = 56
        residuals are weighted equally (unit weight)

function used for fitting: f(x)
	f(x) = a*x + b
fitted parameters initialized with current variable values

iter      chisq       delta/lim  lambda   a             b            
   0 2.7910000000e+02   0.00e+00  1.39e+00    1.000000e+00   1.000000e+00
   3 2.6871465996e+02  -1.67e-06  1.39e-03    8.021636e-01   1.457235e+00

After 3 iterations the fit converged.
final sum of squares of residuals : 268.715
rel. change during last iteration : -1.66599e-11

degrees of freedom    (FIT_NDF)                        : 54
rms of residuals      (FIT_STDFIT) = sqrt(WSSR/ndf)    : 2.23074
variance of residuals (reduced chisquare) = WSSR/ndf   : 4.9762

Final set of parameters            Asymptotic Standard Error
=======================            ==========================
a               = 0.802164         +/- 0.1966       (24.5%)
b               = 1.45724          +/- 0.3325       (22.82%)

correlation matrix of the fit parameters:
                a      b      
a               1.000 
b              -0.443  1.000 


*******************************************************************************
Thu Jun 26 14:43:45 2025


FIT:    data read from datafile using 1:2
        format = x:z
        x range restricted to [-3.00000 : 10.0000]
        #datapoints = 56
        residuals are weighted equally (unit weight)

function used for fitting: f(x)
	f(x) = a*x + b
fitted parameters initialized with current variable values

iter      chisq       delta/lim  lambda   a             b            
   0 2.7910000000e+02   0.00e+00  1.39e+00    1.000000e+00   1.000000e+00
   3 2.6871465996e+02  -1.67e-06  1.39e-03    8.021636e-01   1.457235e+00

After 3 iterations the fit converged.
final sum of squares of residuals : 268.715
rel. change during last iteration : -1.66599e-11

degrees of freedom    (FIT_NDF)                        : 54
rms of residuals      (FIT_STDFIT) = sqrt(WSSR/ndf)    : 2.23074
variance of residuals (reduced chisquare) = WSSR/ndf   : 4.9762

Final set of parameters            Asymptotic Standard Error
=======================            ==========================
a               = 0.802164         +/- 0.1966       (24.5%)
b               = 1.45724          +/- 0.3325       (22.82%)

correlation matrix of the fit parameters:
                a      b      
a               1.000 
b              -0.443  1.000 


*******************************************************************************
Thu Jun 26 14:43:50 2025


FIT:    data read from datafile using 1:2
        format = x:z
        x range restricted to [-3.00000 : 10.0000]
        #datapoints = 56
        residuals are weighted equally (unit weight)

function used for fitting: f(x)
	f(x) = a*x + b
fitted parameters initialized with current variable values

iter      chisq       delta/lim  lambda   a             b            
   0 2.7910000000e+02   0.00e+00  1.39e+00    1.000000e+00   1.000000e+00
   3 2.6871465996e+02  -1.67e-06  1.39e-03    8.021636e-01   1.457235e+00

After 3 iterations the fit converged.
final sum of squares of residuals : 268.715
rel. change during last iteration : -1.66599e-11

degrees of freedom    (FIT_NDF)                        : 54
rms of residuals      (FIT_STDFIT) = sqrt(WSSR/ndf)    : 2.23074
variance of residuals (reduced chisquare) = WSSR/ndf   : 4.9762

Final set of parameters            Asymptotic Standard Error
=======================            ==========================
a               = 0.802164         +/- 0.1966       (24.5%)
b               = 1.45724          +/- 0.3325       (22.82%)

correlation matrix of the fit parameters:
                a      b      
a               1.000 
b              -0.443  1.000 


*******************************************************************************
Thu Jun 26 14:45:13 2025


FIT:    data read from datafile using 1:2
        format = x:z
        x range restricted to [-3.00000 : 10.0000]
        #datapoints = 56
        residuals are weighted equally (unit weight)

function used for fitting: f(x)
	f(x) = a*x + b
fitted parameters initialized with current variable values

iter      chisq       delta/lim  lambda   a             b            
   0 2.7910000000e+02   0.00e+00  1.39e+00    1.000000e+00   1.000000e+00
   3 2.6871465996e+02  -1.67e-06  1.39e-03    8.021636e-01   1.457235e+00

After 3 iterations the fit converged.
final sum of squares of residuals : 268.715
rel. change during last iteration : -1.66599e-11

degrees of freedom    (FIT_NDF)                        : 54
rms of residuals      (FIT_STDFIT) = sqrt(WSSR/ndf)    : 2.23074
variance of residuals (reduced chisquare) = WSSR/ndf   : 4.9762

Final set of parameters            Asymptotic Standard Error
=======================            ==========================
a               = 0.802164         +/- 0.1966       (24.5%)
b               = 1.45724          +/- 0.3325       (22.82%)

correlation matrix of the fit parameters:
                a      b      
a               1.000 
b              -0.443  1.000 


*******************************************************************************
Thu Jun 26 14:45:21 2025


FIT:    data read from datafile using 1:2
        format = x:z
        x range restricted to [-3.00000 : 10.0000]
        #datapoints = 56
        residuals are weighted equally (unit weight)

function used for fitting: f(x)
	f(x) = a*x + b
fitted parameters initialized with current variable values

iter      chisq       delta/lim  lambda   a             b            
   0 2.7910000000e+02   0.00e+00  1.39e+00    1.000000e+00   1.000000e+00
   3 2.6871465996e+02  -1.67e-06  1.39e-03    8.021636e-01   1.457235e+00

After 3 iterations the fit converged.
final sum of squares of residuals : 268.715
rel. change during last iteration : -1.66599e-11

degrees of freedom    (FIT_NDF)                        : 54
rms of residuals      (FIT_STDFIT) = sqrt(WSSR/ndf)    : 2.23074
variance of residuals (reduced chisquare) = WSSR/ndf   : 4.9762

Final set of parameters            Asymptotic Standard Error
=======================            ==========================
a               = 0.802164         +/- 0.1966       (24.5%)
b               = 1.45724          +/- 0.3325       (22.82%)

correlation matrix of the fit parameters:
                a      b      
a               1.000 
b              -0.443  1.000 


*******************************************************************************
Thu Jun 26 14:45:27 2025


FIT:    data read from datafile using 1:2
        format = x:z
        x range restricted to [-3.00000 : 10.0000]
        #datapoints = 56
        residuals are weighted equally (unit weight)

function used for fitting: f(x)
	f(x) = a*x + b
fitted parameters initialized with current variable values

iter      chisq       delta/lim  lambda   a             b            
   0 2.7910000000e+02   0.00e+00  1.39e+00    1.000000e+00   1.000000e+00
   3 2.6871465996e+02  -1.67e-06  1.39e-03    8.021636e-01   1.457235e+00

After 3 iterations the fit converged.
final sum of squares of residuals : 268.715
rel. change during last iteration : -1.66599e-11

degrees of freedom    (FIT_NDF)                        : 54
rms of residuals      (FIT_STDFIT) = sqrt(WSSR/ndf)    : 2.23074
variance of residuals (reduced chisquare) = WSSR/ndf   : 4.9762

Final set of parameters            Asymptotic Standard Error
=======================            ==========================
a               = 0.802164         +/- 0.1966       (24.5%)
b               = 1.45724          +/- 0.3325       (22.82%)

correlation matrix of the fit parameters:
                a      b      
a               1.000 
b              -0.443  1.000 


*******************************************************************************
Thu Jun 26 14:45:40 2025


FIT:    data read from datafile using 1:2
        format = x:z
        x range restricted to [-3.00000 : 10.0000]
        #datapoints = 56
        residuals are weighted equally (unit weight)

function used for fitting: f(x)
	f(x) = a*x + b
fitted parameters initialized with current variable values

iter      chisq       delta/lim  lambda   a             b            
   0 2.7910000000e+02   0.00e+00  1.39e+00    1.000000e+00   1.000000e+00
   3 2.6871465996e+02  -1.67e-06  1.39e-03    8.021636e-01   1.457235e+00

After 3 iterations the fit converged.
final sum of squares of residuals : 268.715
rel. change during last iteration : -1.66599e-11

degrees of freedom    (FIT_NDF)                        : 54
rms of residuals      (FIT_STDFIT) = sqrt(WSSR/ndf)    : 2.23074
variance of residuals (reduced chisquare) = WSSR/ndf   : 4.9762

Final set of parameters            Asymptotic Standard Error
=======================            ==========================
a               = 0.802164         +/- 0.1966       (24.5%)
b               = 1.45724          +/- 0.3325       (22.82%)

correlation matrix of the fit parameters:
                a      b      
a               1.000 
b              -0.443  1.000 


*******************************************************************************
Thu Jun 26 14:48:08 2025


FIT:    data read from datafile using 1:2
        format = x:z
        x range restricted to [-3.00000 : 10.0000]
        #datapoints = 56
        residuals are weighted equally (unit weight)

function used for fitting: f(x)
	f(x) = a*x + b
fitted parameters initialized with current variable values

iter      chisq       delta/lim  lambda   a             b            
   0 8.6118097000e+03   0.00e+00  1.39e+00    1.000000e+00   1.000000e+00
   3 3.6486784652e+03  -6.83e-06  1.39e-03    6.951099e+00  -7.824485e-01

After 3 iterations the fit converged.
final sum of squares of residuals : 3648.68
rel. change during last iteration : -6.82799e-11

degrees of freedom    (FIT_NDF)                        : 54
rms of residuals      (FIT_STDFIT) = sqrt(WSSR/ndf)    : 8.21998
variance of residuals (reduced chisquare) = WSSR/ndf   : 67.5681

Final set of parameters            Asymptotic Standard Error
=======================            ==========================
a               = 6.9511           +/- 0.7243       (10.42%)
b               = -0.782449        +/- 1.225        (156.6%)

correlation matrix of the fit parameters:
                a      b      
a               1.000 
b              -0.443  1.000 


*******************************************************************************
Thu Jun 26 14:48:29 2025


FIT:    data read from datafile using 1:2
        format = x:z
        x range restricted to [-3.00000 : 4.00000]
        #datapoints = 55
        residuals are weighted equally (unit weight)

function used for fitting: f(x)
	f(x) = a*x + b
fitted parameters initialized with current variable values

iter      chisq       delta/lim  lambda   a             b            
   0 2.4138960000e+02   0.00e+00  1.11e+00    1.000000e+00   1.000000e+00
   3 1.6575657547e+02  -6.43e-07  1.11e-03    1.468161e+00   1.782507e+00

After 3 iterations the fit converged.
final sum of squares of residuals : 165.757
rel. change during last iteration : -6.43291e-12

degrees of freedom    (FIT_NDF)                        : 53
rms of residuals      (FIT_STDFIT) = sqrt(WSSR/ndf)    : 1.76847
variance of residuals (reduced chisquare) = WSSR/ndf   : 3.12748

Final set of parameters            Asymptotic Standard Error
=======================            ==========================
a               = 1.46816          +/- 0.2264       (15.42%)
b               = 1.78251          +/- 0.2746       (15.4%)

correlation matrix of the fit parameters:
                a      b      
a               1.000 
b              -0.496  1.000 


*******************************************************************************
Thu Jun 26 14:48:44 2025


FIT:    data read from datafile using 1:2
        format = x:z
        x range restricted to [-3.00000 : 4.00000]
        #datapoints = 55
        residuals are weighted equally (unit weight)

function used for fitting: f(x)
	f(x) = a*x + b
fitted parameters initialized with current variable values

iter      chisq       delta/lim  lambda   a             b            
   0 2.4138960000e+02   0.00e+00  1.11e+00    1.000000e+00   1.000000e+00
   3 1.6575657547e+02  -6.43e-07  1.11e-03    1.468161e+00   1.782507e+00

After 3 iterations the fit converged.
final sum of squares of residuals : 165.757
rel. change during last iteration : -6.43291e-12

degrees of freedom    (FIT_NDF)                        : 53
rms of residuals      (FIT_STDFIT) = sqrt(WSSR/ndf)    : 1.76847
variance of residuals (reduced chisquare) = WSSR/ndf   : 3.12748

Final set of parameters            Asymptotic Standard Error
=======================            ==========================
a               = 1.46816          +/- 0.2264       (15.42%)
b               = 1.78251          +/- 0.2746       (15.4%)

correlation matrix of the fit parameters:
                a      b      
a               1.000 
b              -0.496  1.000 


*******************************************************************************
Thu Jun 26 14:49:03 2025


FIT:    data read from datafile using 1:2
        format = x:z
        x range restricted to [-3.00000 : 4.00000]
        #datapoints = 55
        residuals are weighted equally (unit weight)

function used for fitting: f(x)
	f(x) = a*x + b
fitted parameters initialized with current variable values

iter      chisq       delta/lim  lambda   a             b            
   0 2.4138960000e+02   0.00e+00  1.11e+00    1.000000e+00   1.000000e+00
   3 1.6575657547e+02  -6.43e-07  1.11e-03    1.468161e+00   1.782507e+00

After 3 iterations the fit converged.
final sum of squares of residuals : 165.757
rel. change during last iteration : -6.43291e-12

degrees of freedom    (FIT_NDF)                        : 53
rms of residuals      (FIT_STDFIT) = sqrt(WSSR/ndf)    : 1.76847
variance of residuals (reduced chisquare) = WSSR/ndf   : 3.12748

Final set of parameters            Asymptotic Standard Error
=======================            ==========================
a               = 1.46816          +/- 0.2264       (15.42%)
b               = 1.78251          +/- 0.2746       (15.4%)

correlation matrix of the fit parameters:
                a      b      
a               1.000 
b              -0.496  1.000 


*******************************************************************************
Thu Jun 26 14:49:08 2025


FIT:    data read from datafile using 1:2
        format = x:z
        x range restricted to [-3.00000 : 4.00000]
        #datapoints = 55
        residuals are weighted equally (unit weight)

function used for fitting: f(x)
	f(x) = a*x + b
fitted parameters initialized with current variable values

iter      chisq       delta/lim  lambda   a             b            
   0 2.4138960000e+02   0.00e+00  1.11e+00    1.000000e+00   1.000000e+00
   3 1.6575657547e+02  -6.43e-07  1.11e-03    1.468161e+00   1.782507e+00

After 3 iterations the fit converged.
final sum of squares of residuals : 165.757
rel. change during last iteration : -6.43291e-12

degrees of freedom    (FIT_NDF)                        : 53
rms of residuals      (FIT_STDFIT) = sqrt(WSSR/ndf)    : 1.76847
variance of residuals (reduced chisquare) = WSSR/ndf   : 3.12748

Final set of parameters            Asymptotic Standard Error
=======================            ==========================
a               = 1.46816          +/- 0.2264       (15.42%)
b               = 1.78251          +/- 0.2746       (15.4%)

correlation matrix of the fit parameters:
                a      b      
a               1.000 
b              -0.496  1.000 


*******************************************************************************
Thu Jun 26 14:49:13 2025


FIT:    data read from datafile using 1:2
        format = x:z
        x range restricted to [-3.00000 : 4.00000]
        #datapoints = 55
        residuals are weighted equally (unit weight)

function used for fitting: f(x)
	f(x) = a*x + b
fitted parameters initialized with current variable values

iter      chisq       delta/lim  lambda   a             b            
   0 2.4138960000e+02   0.00e+00  1.11e+00    1.000000e+00   1.000000e+00
   3 1.6575657547e+02  -6.43e-07  1.11e-03    1.468161e+00   1.782507e+00

After 3 iterations the fit converged.
final sum of squares of residuals : 165.757
rel. change during last iteration : -6.43291e-12

degrees of freedom    (FIT_NDF)                        : 53
rms of residuals      (FIT_STDFIT) = sqrt(WSSR/ndf)    : 1.76847
variance of residuals (reduced chisquare) = WSSR/ndf   : 3.12748

Final set of parameters            Asymptotic Standard Error
=======================            ==========================
a               = 1.46816          +/- 0.2264       (15.42%)
b               = 1.78251          +/- 0.2746       (15.4%)

correlation matrix of the fit parameters:
                a      b      
a               1.000 
b              -0.496  1.000 


*******************************************************************************
Thu Jun 26 14:49:18 2025


FIT:    data read from datafile using 1:2
        format = x:z
        x range restricted to [-3.00000 : 4.00000]
        #datapoints = 55
        residuals are weighted equally (unit weight)

function used for fitting: f(x)
	f(x) = a*x + b
fitted parameters initialized with current variable values

iter      chisq       delta/lim  lambda   a             b            
   0 2.4138960000e+02   0.00e+00  1.11e+00    1.000000e+00   1.000000e+00
   3 1.6575657547e+02  -6.43e-07  1.11e-03    1.468161e+00   1.782507e+00

After 3 iterations the fit converged.
final sum of squares of residuals : 165.757
rel. change during last iteration : -6.43291e-12

degrees of freedom    (FIT_NDF)                        : 53
rms of residuals      (FIT_STDFIT) = sqrt(WSSR/ndf)    : 1.76847
variance of residuals (reduced chisquare) = WSSR/ndf   : 3.12748

Final set of parameters            Asymptotic Standard Error
=======================            ==========================
a               = 1.46816          +/- 0.2264       (15.42%)
b               = 1.78251          +/- 0.2746       (15.4%)

correlation matrix of the fit parameters:
                a      b      
a               1.000 
b              -0.496  1.000 


*******************************************************************************
Thu Jun 26 14:49:23 2025


FIT:    data read from datafile using 1:2
        format = x:z
        x range restricted to [-3.00000 : 4.00000]
        #datapoints = 55
        residuals are weighted equally (unit weight)

function used for fitting: f(x)
	f(x) = a*x + b
fitted parameters initialized with current variable values

iter      chisq       delta/lim  lambda   a             b            
   0 2.4138960000e+02   0.00e+00  1.11e+00    1.000000e+00   1.000000e+00
   3 1.6575657547e+02  -6.43e-07  1.11e-03    1.468161e+00   1.782507e+00

After 3 iterations the fit converged.
final sum of squares of residuals : 165.757
rel. change during last iteration : -6.43291e-12

degrees of freedom    (FIT_NDF)                        : 53
rms of residuals      (FIT_STDFIT) = sqrt(WSSR/ndf)    : 1.76847
variance of residuals (reduced chisquare) = WSSR/ndf   : 3.12748

Final set of parameters            Asymptotic Standard Error
=======================            ==========================
a               = 1.46816          +/- 0.2264       (15.42%)
b               = 1.78251          +/- 0.2746       (15.4%)

correlation matrix of the fit parameters:
                a      b      
a               1.000 
b              -0.496  1.000 


*******************************************************************************
Thu Jun 26 14:49:28 2025


FIT:    data read from datafile using 1:2
        format = x:z
        x range restricted to [-3.00000 : 4.00000]
        #datapoints = 55
        residuals are weighted equally (unit weight)

function used for fitting: f(x)
	f(x) = a*x + b
fitted parameters initialized with current variable values

iter      chisq       delta/lim  lambda   a             b            
   0 2.4138960000e+02   0.00e+00  1.11e+00    1.000000e+00   1.000000e+00
   3 1.6575657547e+02  -6.43e-07  1.11e-03    1.468161e+00   1.782507e+00

After 3 iterations the fit converged.
final sum of squares of residuals : 165.757
rel. change during last iteration : -6.43291e-12

degrees of freedom    (FIT_NDF)                        : 53
rms of residuals      (FIT_STDFIT) = sqrt(WSSR/ndf)    : 1.76847
variance of residuals (reduced chisquare) = WSSR/ndf   : 3.12748

Final set of parameters            Asymptotic Standard Error
=======================            ==========================
a               = 1.46816          +/- 0.2264       (15.42%)
b               = 1.78251          +/- 0.2746       (15.4%)

correlation matrix of the fit parameters:
                a      b      
a               1.000 
b              -0.496  1.000 


*******************************************************************************
Thu Jun 26 14:50:02 2025


FIT:    data read from datafile using 1:2
        format = x:z
        x range restricted to [-3.00000 : 4.00000]
        #datapoints = 55
        residuals are weighted equally (unit weight)

function used for fitting: f(x)
	f(x) = a*x + b
fitted parameters initialized with current variable values

iter      chisq       delta/lim  lambda   a             b            
   0 2.4138960000e+02   0.00e+00  1.11e+00    1.000000e+00   1.000000e+00
   3 1.6575657547e+02  -6.43e-07  1.11e-03    1.468161e+00   1.782507e+00

After 3 iterations the fit converged.
final sum of squares of residuals : 165.757
rel. change during last iteration : -6.43291e-12

degrees of freedom    (FIT_NDF)                        : 53
rms of residuals      (FIT_STDFIT) = sqrt(WSSR/ndf)    : 1.76847
variance of residuals (reduced chisquare) = WSSR/ndf   : 3.12748

Final set of parameters            Asymptotic Standard Error
=======================            ==========================
a               = 1.46816          +/- 0.2264       (15.42%)
b               = 1.78251          +/- 0.2746       (15.4%)

correlation matrix of the fit parameters:
                a      b      
a               1.000 
b              -0.496  1.000 


*******************************************************************************
Thu Jun 26 14:50:21 2025


FIT:    data read from datafile using 1:2
        format = x:z
        x range restricted to [-3.00000 : 4.00000]
        #datapoints = 55
        residuals are weighted equally (unit weight)

function used for fitting: f(x)
	f(x) = a*x + b
fitted parameters initialized with current variable values

iter      chisq       delta/lim  lambda   a             b            
   0 2.4138960000e+02   0.00e+00  1.11e+00    1.000000e+00   1.000000e+00
   3 1.6575657547e+02  -6.43e-07  1.11e-03    1.468161e+00   1.782507e+00

After 3 iterations the fit converged.
final sum of squares of residuals : 165.757
rel. change during last iteration : -6.43291e-12

degrees of freedom    (FIT_NDF)                        : 53
rms of residuals      (FIT_STDFIT) = sqrt(WSSR/ndf)    : 1.76847
variance of residuals (reduced chisquare) = WSSR/ndf   : 3.12748

Final set of parameters            Asymptotic Standard Error
=======================            ==========================
a               = 1.46816          +/- 0.2264       (15.42%)
b               = 1.78251          +/- 0.2746       (15.4%)

correlation matrix of the fit parameters:
                a      b      
a               1.000 
b              -0.496  1.000 


*******************************************************************************
Thu Jun 26 14:52:19 2025


FIT:    data read from datafile using 1:2
        format = x:z
        x range restricted to [-3.00000 : 4.00000]
        #datapoints = 55
        residuals are weighted equally (unit weight)

function used for fitting: f(x)
	f(x) = a*x + b
fitted parameters initialized with current variable values

iter      chisq       delta/lim  lambda   a             b            
   0 2.4138960000e+02   0.00e+00  1.11e+00    1.000000e+00   1.000000e+00
   3 1.6575657547e+02  -6.43e-07  1.11e-03    1.468161e+00   1.782507e+00

After 3 iterations the fit converged.
final sum of squares of residuals : 165.757
rel. change during last iteration : -6.43291e-12

degrees of freedom    (FIT_NDF)                        : 53
rms of residuals      (FIT_STDFIT) = sqrt(WSSR/ndf)    : 1.76847
variance of residuals (reduced chisquare) = WSSR/ndf   : 3.12748

Final set of parameters            Asymptotic Standard Error
=======================            ==========================
a               = 1.46816          +/- 0.2264       (15.42%)
b               = 1.78251          +/- 0.2746       (15.4%)

correlation matrix of the fit parameters:
                a      b      
a               1.000 
b              -0.496  1.000 


*******************************************************************************
Thu Jun 26 14:52:45 2025


FIT:    data read from datafile using 1:2
        format = x:z
        x range restricted to [-3.00000 : 4.00000]
        #datapoints = 55
        residuals are weighted equally (unit weight)

function used for fitting: f(x)
	f(x) = a*x + b
fitted parameters initialized with current variable values

iter      chisq       delta/lim  lambda   a             b            
   0 2.4138960000e+02   0.00e+00  1.11e+00    1.000000e+00   1.000000e+00
   3 1.6575657547e+02  -6.43e-07  1.11e-03    1.468161e+00   1.782507e+00

After 3 iterations the fit converged.
final sum of squares of residuals : 165.757
rel. change during last iteration : -6.43291e-12

degrees of freedom    (FIT_NDF)                        : 53
rms of residuals      (FIT_STDFIT) = sqrt(WSSR/ndf)    : 1.76847
variance of residuals (reduced chisquare) = WSSR/ndf   : 3.12748

Final set of parameters            Asymptotic Standard Error
=======================            ==========================
a               = 1.46816          +/- 0.2264       (15.42%)
b               = 1.78251          +/- 0.2746       (15.4%)

correlation matrix of the fit parameters:
                a      b      
a               1.000 
b              -0.496  1.000 


*******************************************************************************
Thu Jun 26 14:55:22 2025


FIT:    data read from datafile using 1:2
        format = x:z
        x range restricted to [-3.00000 : 4.00000]
        #datapoints = 55
        residuals are weighted equally (unit weight)

function used for fitting: f(x)
	f(x) = a*x + b
fitted parameters initialized with current variable values

iter      chisq       delta/lim  lambda   a             b            
   0 2.4138960000e+02   0.00e+00  1.11e+00    1.000000e+00   1.000000e+00
   3 1.6575657547e+02  -6.43e-07  1.11e-03    1.468161e+00   1.782507e+00

After 3 iterations the fit converged.
final sum of squares of residuals : 165.757
rel. change during last iteration : -6.43291e-12

degrees of freedom    (FIT_NDF)                        : 53
rms of residuals      (FIT_STDFIT) = sqrt(WSSR/ndf)    : 1.76847
variance of residuals (reduced chisquare) = WSSR/ndf   : 3.12748

Final set of parameters            Asymptotic Standard Error
=======================            ==========================
a               = 1.46816          +/- 0.2264       (15.42%)
b               = 1.78251          +/- 0.2746       (15.4%)

correlation matrix of the fit parameters:
                a      b      
a               1.000 
b              -0.496  1.000 


*******************************************************************************
Thu Jun 26 14:56:02 2025


FIT:    data read from datafile using 1:2
        format = x:z
        x range restricted to [-3.00000 : 4.00000]
        #datapoints = 55
        residuals are weighted equally (unit weight)

function used for fitting: f(x)
	f(x) = a*x + b
fitted parameters initialized with current variable values

iter      chisq       delta/lim  lambda   a             b            
   0 2.4138960000e+02   0.00e+00  1.11e+00    1.000000e+00   1.000000e+00
   3 1.6575657547e+02  -6.43e-07  1.11e-03    1.468161e+00   1.782507e+00

After 3 iterations the fit converged.
final sum of squares of residuals : 165.757
rel. change during last iteration : -6.43291e-12

degrees of freedom    (FIT_NDF)                        : 53
rms of residuals      (FIT_STDFIT) = sqrt(WSSR/ndf)    : 1.76847
variance of residuals (reduced chisquare) = WSSR/ndf   : 3.12748

Final set of parameters            Asymptotic Standard Error
=======================            ==========================
a               = 1.46816          +/- 0.2264       (15.42%)
b               = 1.78251          +/- 0.2746       (15.4%)

correlation matrix of the fit parameters:
                a      b      
a               1.000 
b              -0.496  1.000 


*******************************************************************************
Thu Jun 26 14:56:11 2025


FIT:    data read from datafile using 1:2
        format = x:z
        x range restricted to [-3.00000 : 4.00000]
        #datapoints = 55
        residuals are weighted equally (unit weight)

function used for fitting: f(x)
	f(x) = a*x + b
fitted parameters initialized with current variable values

iter      chisq       delta/lim  lambda   a             b            
   0 2.4138960000e+02   0.00e+00  1.11e+00    1.000000e+00   1.000000e+00
   3 1.6575657547e+02  -6.43e-07  1.11e-03    1.468161e+00   1.782507e+00

After 3 iterations the fit converged.
final sum of squares of residuals : 165.757
rel. change during last iteration : -6.43291e-12

degrees of freedom    (FIT_NDF)                        : 53
rms of residuals      (FIT_STDFIT) = sqrt(WSSR/ndf)    : 1.76847
variance of residuals (reduced chisquare) = WSSR/ndf   : 3.12748

Final set of parameters            Asymptotic Standard Error
=======================            ==========================
a               = 1.46816          +/- 0.2264       (15.42%)
b               = 1.78251          +/- 0.2746       (15.4%)

correlation matrix of the fit parameters:
                a      b      
a               1.000 
b              -0.496  1.000 


*******************************************************************************
Thu Jun 26 14:59:44 2025


FIT:    data read from datafile using 1:2
        format = x:z
        x range restricted to [-3.00000 : 4.00000]
        #datapoints = 55
        residuals are weighted equally (unit weight)

function used for fitting: f(x)
	f(x) = a*x + b
fitted parameters initialized with current variable values

iter      chisq       delta/lim  lambda   a             b            
   0 8.0661440000e+02   0.00e+00  1.11e+00    1.000000e+00   1.000000e+00
   3 1.0406879783e+02  -4.17e-05  1.11e-03    1.329861e+00   4.358755e+00

After 3 iterations the fit converged.
final sum of squares of residuals : 104.069
rel. change during last iteration : -4.16753e-10

degrees of freedom    (FIT_NDF)                        : 53
rms of residuals      (FIT_STDFIT) = sqrt(WSSR/ndf)    : 1.40127
variance of residuals (reduced chisquare) = WSSR/ndf   : 1.96356

Final set of parameters            Asymptotic Standard Error
=======================            ==========================
a               = 1.32986          +/- 0.1794       (13.49%)
b               = 4.35875          +/- 0.2176       (4.992%)

correlation matrix of the fit parameters:
                a      b      
a               1.000 
b              -0.496  1.000 


*******************************************************************************
Thu Jun 26 15:00:04 2025


FIT:    data read from datafile using 1:2
        format = x:z
        x range restricted to [-3.00000 : 4.00000]
        #datapoints = 55
        residuals are weighted equally (unit weight)

function used for fitting: f(x)
	f(x) = a*x + b
fitted parameters initialized with current variable values

iter      chisq       delta/lim  lambda   a             b            
   0 8.0661440000e+02   0.00e+00  1.11e+00    1.000000e+00   1.000000e+00
   3 1.0406879783e+02  -4.17e-05  1.11e-03    1.329861e+00   4.358755e+00

After 3 iterations the fit converged.
final sum of squares of residuals : 104.069
rel. change during last iteration : -4.16753e-10

degrees of freedom    (FIT_NDF)                        : 53
rms of residuals      (FIT_STDFIT) = sqrt(WSSR/ndf)    : 1.40127
variance of residuals (reduced chisquare) = WSSR/ndf   : 1.96356

Final set of parameters            Asymptotic Standard Error
=======================            ==========================
a               = 1.32986          +/- 0.1794       (13.49%)
b               = 4.35875          +/- 0.2176       (4.992%)

correlation matrix of the fit parameters:
                a      b      
a               1.000 
b              -0.496  1.000 


*******************************************************************************
Thu Jun 26 15:00:57 2025


FIT:    data read from datafile using 1:2
        format = x:z
        x range restricted to [-3.00000 : 4.00000]
        #datapoints = 55
        residuals are weighted equally (unit weight)

function used for fitting: f(x)
	f(x) = a*x + b
fitted parameters initialized with current variable values

iter      chisq       delta/lim  lambda   a             b            
   0 8.0661440000e+02   0.00e+00  1.11e+00    1.000000e+00   1.000000e+00
   3 1.0406879783e+02  -4.17e-05  1.11e-03    1.329861e+00   4.358755e+00

After 3 iterations the fit converged.
final sum of squares of residuals : 104.069
rel. change during last iteration : -4.16753e-10

degrees of freedom    (FIT_NDF)                        : 53
rms of residuals      (FIT_STDFIT) = sqrt(WSSR/ndf)    : 1.40127
variance of residuals (reduced chisquare) = WSSR/ndf   : 1.96356

Final set of parameters            Asymptotic Standard Error
=======================            ==========================
a               = 1.32986          +/- 0.1794       (13.49%)
b               = 4.35875          +/- 0.2176       (4.992%)

correlation matrix of the fit parameters:
                a      b      
a               1.000 
b              -0.496  1.000 


*******************************************************************************
Thu Jun 26 15:02:58 2025


FIT:    data read from datafile using 1:2
        format = x:z
        x range restricted to [-3.00000 : 4.00000]
        #datapoints = 44
        residuals are weighted equally (unit weight)

function used for fitting: f(x)
	f(x) = a*x + b
fitted parameters initialized with current variable values

iter      chisq       delta/lim  lambda   a             b            
   0 1.7847460000e+02   0.00e+00  1.77e+00    1.000000e+00   1.000000e+00
   3 2.5083899781e+01  -3.25e-03  1.77e-03    2.676454e-01   8.046568e-01

After 3 iterations the fit converged.
final sum of squares of residuals : 25.0839
rel. change during last iteration : -3.24627e-08

degrees of freedom    (FIT_NDF)                        : 42
rms of residuals      (FIT_STDFIT) = sqrt(WSSR/ndf)    : 0.77281
variance of residuals (reduced chisquare) = WSSR/ndf   : 0.597236

Final set of parameters            Asymptotic Standard Error
=======================            ==========================
a               = 0.267645         +/- 0.1737       (64.91%)
b               = 0.804657         +/- 0.3984       (49.51%)

correlation matrix of the fit parameters:
                a      b      
a               1.000 
b              -0.956  1.000 


*******************************************************************************
Thu Jun 26 15:03:16 2025


FIT:    data read from datafile using 1:2
        format = x:z
        x range restricted to [-3.00000 : 4.00000]
        #datapoints = 44
        residuals are weighted equally (unit weight)

function used for fitting: f(x)
	f(x) = a*x + b
fitted parameters initialized with current variable values

iter      chisq       delta/lim  lambda   a             b            
   0 1.7847460000e+02   0.00e+00  1.77e+00    1.000000e+00   1.000000e+00
   3 2.5083899781e+01  -3.25e-03  1.77e-03    2.676454e-01   8.046568e-01

After 3 iterations the fit converged.
final sum of squares of residuals : 25.0839
rel. change during last iteration : -3.24627e-08

degrees of freedom    (FIT_NDF)                        : 42
rms of residuals      (FIT_STDFIT) = sqrt(WSSR/ndf)    : 0.77281
variance of residuals (reduced chisquare) = WSSR/ndf   : 0.597236

Final set of parameters            Asymptotic Standard Error
=======================            ==========================
a               = 0.267645         +/- 0.1737       (64.91%)
b               = 0.804657         +/- 0.3984       (49.51%)

correlation matrix of the fit parameters:
                a      b      
a               1.000 
b              -0.956  1.000 


*******************************************************************************
Thu Jun 26 15:03:28 2025


FIT:    data read from datafile using 1:2
        format = x:z
        x range restricted to [-3.00000 : 4.00000]
        #datapoints = 44
        residuals are weighted equally (unit weight)

function used for fitting: f(x)
	f(x) = a*x + b
fitted parameters initialized with current variable values

iter      chisq       delta/lim  lambda   a             b            
   0 1.7847460000e+02   0.00e+00  1.77e+00    1.000000e+00   1.000000e+00
   3 2.5083899781e+01  -3.25e-03  1.77e-03    2.676454e-01   8.046568e-01

After 3 iterations the fit converged.
final sum of squares of residuals : 25.0839
rel. change during last iteration : -3.24627e-08

degrees of freedom    (FIT_NDF)                        : 42
rms of residuals      (FIT_STDFIT) = sqrt(WSSR/ndf)    : 0.77281
variance of residuals (reduced chisquare) = WSSR/ndf   : 0.597236

Final set of parameters            Asymptotic Standard Error
=======================            ==========================
a               = 0.267645         +/- 0.1737       (64.91%)
b               = 0.804657         +/- 0.3984       (49.51%)

correlation matrix of the fit parameters:
                a      b      
a               1.000 
b              -0.956  1.000 


*******************************************************************************
Thu Jun 26 15:03:46 2025


FIT:    data read from datafile using 1:2
        format = x:z
        x range restricted to [-3.00000 : 150.000]
        #datapoints = 54
        residuals are weighted equally (unit weight)

function used for fitting: f(x)
	f(x) = a*x + b
fitted parameters initialized with current variable values

iter      chisq       delta/lim  lambda   a             b            
   0 1.0135775400e+04   0.00e+00  1.01e+01    1.000000e+00   1.000000e+00
   4 3.2515101141e+02  -1.41e-07  1.01e-03    3.082935e-02   2.011870e+00

After 4 iterations the fit converged.
final sum of squares of residuals : 325.151
rel. change during last iteration : -1.41308e-12

degrees of freedom    (FIT_NDF)                        : 52
rms of residuals      (FIT_STDFIT) = sqrt(WSSR/ndf)    : 2.50058
variance of residuals (reduced chisquare) = WSSR/ndf   : 6.2529

Final set of parameters            Asymptotic Standard Error
=======================            ==========================
a               = 0.0308293        +/- 0.02539      (82.36%)
b               = 2.01187          +/- 0.3611       (17.95%)

correlation matrix of the fit parameters:
                a      b      
a               1.000 
b              -0.335  1.000 


*******************************************************************************
Thu Jun 26 15:03:56 2025


FIT:    data read from datafile using 1:2
        format = x:z
        x range restricted to [-3.00000 : 110.000]
        #datapoints = 54
        residuals are weighted equally (unit weight)

function used for fitting: f(x)
	f(x) = a*x + b
fitted parameters initialized with current variable values

iter      chisq       delta/lim  lambda   a             b            
   0 1.0135775400e+04   0.00e+00  1.01e+01    1.000000e+00   1.000000e+00
   4 3.2515101141e+02  -1.41e-07  1.01e-03    3.082935e-02   2.011870e+00

After 4 iterations the fit converged.
final sum of squares of residuals : 325.151
rel. change during last iteration : -1.41308e-12

degrees of freedom    (FIT_NDF)                        : 52
rms of residuals      (FIT_STDFIT) = sqrt(WSSR/ndf)    : 2.50058
variance of residuals (reduced chisquare) = WSSR/ndf   : 6.2529

Final set of parameters            Asymptotic Standard Error
=======================            ==========================
a               = 0.0308293        +/- 0.02539      (82.36%)
b               = 2.01187          +/- 0.3611       (17.95%)

correlation matrix of the fit parameters:
                a      b      
a               1.000 
b              -0.335  1.000 


*******************************************************************************
Thu Jun 26 15:04:02 2025


FIT:    data read from datafile using 1:2
        format = x:z
        x range restricted to [-3.00000 : 4.00000]
        #datapoints = 44
        residuals are weighted equally (unit weight)

function used for fitting: f(x)
	f(x) = a*x + b
fitted parameters initialized with current variable values

iter      chisq       delta/lim  lambda   a             b            
   0 1.7847460000e+02   0.00e+00  1.77e+00    1.000000e+00   1.000000e+00
   3 2.5083899781e+01  -3.25e-03  1.77e-03    2.676454e-01   8.046568e-01

After 3 iterations the fit converged.
final sum of squares of residuals : 25.0839
rel. change during last iteration : -3.24627e-08

degrees of freedom    (FIT_NDF)                        : 42
rms of residuals      (FIT_STDFIT) = sqrt(WSSR/ndf)    : 0.77281
variance of residuals (reduced chisquare) = WSSR/ndf   : 0.597236

Final set of parameters            Asymptotic Standard Error
=======================            ==========================
a               = 0.267645         +/- 0.1737       (64.91%)
b               = 0.804657         +/- 0.3984       (49.51%)

correlation matrix of the fit parameters:
                a      b      
a               1.000 
b              -0.956  1.000 


*******************************************************************************
Thu Jun 26 15:04:13 2025


FIT:    data read from datafile using 1:2
        format = x:z
        x range restricted to [-2.00000 : 4.00000]
        #datapoints = 44
        residuals are weighted equally (unit weight)

function used for fitting: f(x)
	f(x) = a*x + b
fitted parameters initialized with current variable values

iter      chisq       delta/lim  lambda   a             b            
   0 1.7847460000e+02   0.00e+00  1.77e+00    1.000000e+00   1.000000e+00
   3 2.5083899781e+01  -3.25e-03  1.77e-03    2.676454e-01   8.046568e-01

After 3 iterations the fit converged.
final sum of squares of residuals : 25.0839
rel. change during last iteration : -3.24627e-08

degrees of freedom    (FIT_NDF)                        : 42
rms of residuals      (FIT_STDFIT) = sqrt(WSSR/ndf)    : 0.77281
variance of residuals (reduced chisquare) = WSSR/ndf   : 0.597236

Final set of parameters            Asymptotic Standard Error
=======================            ==========================
a               = 0.267645         +/- 0.1737       (64.91%)
b               = 0.804657         +/- 0.3984       (49.51%)

correlation matrix of the fit parameters:
                a      b      
a               1.000 
b              -0.956  1.000 


*******************************************************************************
Thu Jun 26 15:04:46 2025


FIT:    data read from datafile using 1:2
        format = x:z
        x range restricted to [-2.00000 : 10.0000]
        #datapoints = 53
        residuals are weighted equally (unit weight)

function used for fitting: f(x)
	f(x) = a*x + b
fitted parameters initialized with current variable values

iter      chisq       delta/lim  lambda   a             b            
   0 3.8026250000e+02   0.00e+00  2.56e+00    1.000000e+00   1.000000e+00
   3 2.0236311436e+02  -2.33e-02  2.56e-03    8.422176e-01  -3.446996e-01

After 3 iterations the fit converged.
final sum of squares of residuals : 202.363
rel. change during last iteration : -2.33452e-07

degrees of freedom    (FIT_NDF)                        : 51
rms of residuals      (FIT_STDFIT) = sqrt(WSSR/ndf)    : 1.99196
variance of residuals (reduced chisquare) = WSSR/ndf   : 3.9679

Final set of parameters            Asymptotic Standard Error
=======================            ==========================
a               = 0.842218         +/- 0.1473       (17.48%)
b               = -0.3447          +/- 0.5121       (148.6%)

correlation matrix of the fit parameters:
                a      b      
a               1.000 
b              -0.845  1.000 


*******************************************************************************
Thu Jun 26 15:05:23 2025


FIT:    data read from datafile using 1:2
        format = x:z
        x range restricted to [-2.00000 : 9.00000]
        #datapoints = 52
        residuals are weighted equally (unit weight)

function used for fitting: f(x)
	f(x) = a*x + b
fitted parameters initialized with current variable values

iter      chisq       delta/lim  lambda   a             b            
   0 3.7991440000e+02   0.00e+00  2.40e+00    1.000000e+00   1.000000e+00
   3 1.9542409858e+02  -1.35e-02  2.40e-03    7.311035e-01  -7.585858e-02

After 3 iterations the fit converged.
final sum of squares of residuals : 195.424
rel. change during last iteration : -1.3458e-07

degrees of freedom    (FIT_NDF)                        : 50
rms of residuals      (FIT_STDFIT) = sqrt(WSSR/ndf)    : 1.97699
variance of residuals (reduced chisquare) = WSSR/ndf   : 3.90848

Final set of parameters            Asymptotic Standard Error
=======================            ==========================
a               = 0.731104         +/- 0.1683       (23.02%)
b               = -0.0758586       +/- 0.5468       (720.8%)

correlation matrix of the fit parameters:
                a      b      
a               1.000 
b              -0.865  1.000 


*******************************************************************************
Thu Jun 26 15:05:41 2025


FIT:    data read from datafile using 1:2
        format = x:z
        x range restricted to [-2.00000 : 9.00000]
        #datapoints = 52
        residuals are weighted equally (unit weight)

function used for fitting: f(x)
	f(x) = a*x + b
fitted parameters initialized with current variable values

iter      chisq       delta/lim  lambda   a             b            
   0 3.7991440000e+02   0.00e+00  2.40e+00    1.000000e+00   1.000000e+00
   3 1.9542409858e+02  -1.35e-02  2.40e-03    7.311035e-01  -7.585858e-02

After 3 iterations the fit converged.
final sum of squares of residuals : 195.424
rel. change during last iteration : -1.3458e-07

degrees of freedom    (FIT_NDF)                        : 50
rms of residuals      (FIT_STDFIT) = sqrt(WSSR/ndf)    : 1.97699
variance of residuals (reduced chisquare) = WSSR/ndf   : 3.90848

Final set of parameters            Asymptotic Standard Error
=======================            ==========================
a               = 0.731104         +/- 0.1683       (23.02%)
b               = -0.0758586       +/- 0.5468       (720.8%)

correlation matrix of the fit parameters:
                a      b      
a               1.000 
b              -0.865  1.000 


*******************************************************************************
Thu Jun 26 15:06:08 2025


FIT:    data read from datafile using 1:2
        format = x:z
        x range restricted to [-2.00000 : 9.00000]
        #datapoints = 52
        residuals are weighted equally (unit weight)

function used for fitting: f(x)
	f(x) = a*x + b
fitted parameters initialized with current variable values

iter      chisq       delta/lim  lambda   a             b            
   0 3.7991440000e+02   0.00e+00  2.40e+00    1.000000e+00   1.000000e+00
   3 1.9542409858e+02  -1.35e-02  2.40e-03    7.311035e-01  -7.585858e-02

After 3 iterations the fit converged.
final sum of squares of residuals : 195.424
rel. change during last iteration : -1.3458e-07

degrees of freedom    (FIT_NDF)                        : 50
rms of residuals      (FIT_STDFIT) = sqrt(WSSR/ndf)    : 1.97699
variance of residuals (reduced chisquare) = WSSR/ndf   : 3.90848

Final set of parameters            Asymptotic Standard Error
=======================            ==========================
a               = 0.731104         +/- 0.1683       (23.02%)
b               = -0.0758586       +/- 0.5468       (720.8%)

correlation matrix of the fit parameters:
                a      b      
a               1.000 
b              -0.865  1.000 


*******************************************************************************
Thu Jun 26 15:06:13 2025


FIT:    data read from datafile using 1:2
        format = x:z
        x range restricted to [-2.00000 : 9.00000]
        #datapoints = 52
        residuals are weighted equally (unit weight)

function used for fitting: f(x)
	f(x) = a*x + b
fitted parameters initialized with current variable values

iter      chisq       delta/lim  lambda   a             b            
   0 3.7991440000e+02   0.00e+00  2.40e+00    1.000000e+00   1.000000e+00
   3 1.9542409858e+02  -1.35e-02  2.40e-03    7.311035e-01  -7.585858e-02

After 3 iterations the fit converged.
final sum of squares of residuals : 195.424
rel. change during last iteration : -1.3458e-07

degrees of freedom    (FIT_NDF)                        : 50
rms of residuals      (FIT_STDFIT) = sqrt(WSSR/ndf)    : 1.97699
variance of residuals (reduced chisquare) = WSSR/ndf   : 3.90848

Final set of parameters            Asymptotic Standard Error
=======================            ==========================
a               = 0.731104         +/- 0.1683       (23.02%)
b               = -0.0758586       +/- 0.5468       (720.8%)

correlation matrix of the fit parameters:
                a      b      
a               1.000 
b              -0.865  1.000 


*******************************************************************************
Thu Jun 26 15:06:19 2025


FIT:    data read from datafile using 1:2
        format = x:z
        x range restricted to [-2.00000 : 9.00000]
        #datapoints = 52
        residuals are weighted equally (unit weight)

function used for fitting: f(x)
	f(x) = a*x + b
fitted parameters initialized with current variable values

iter      chisq       delta/lim  lambda   a             b            
   0 3.7991440000e+02   0.00e+00  2.40e+00    1.000000e+00   1.000000e+00
   3 1.9542409858e+02  -1.35e-02  2.40e-03    7.311035e-01  -7.585858e-02

After 3 iterations the fit converged.
final sum of squares of residuals : 195.424
rel. change during last iteration : -1.3458e-07

degrees of freedom    (FIT_NDF)                        : 50
rms of residuals      (FIT_STDFIT) = sqrt(WSSR/ndf)    : 1.97699
variance of residuals (reduced chisquare) = WSSR/ndf   : 3.90848

Final set of parameters            Asymptotic Standard Error
=======================            ==========================
a               = 0.731104         +/- 0.1683       (23.02%)
b               = -0.0758586       +/- 0.5468       (720.8%)

correlation matrix of the fit parameters:
                a      b      
a               1.000 
b              -0.865  1.000 


*******************************************************************************
Thu Jun 26 15:07:00 2025


FIT:    data read from datafile using 1:2
        format = x:z
        x range restricted to [-2.00000 : 9.00000]
        #datapoints = 52
        residuals are weighted equally (unit weight)

function used for fitting: f(x)
	f(x) = a*x + b
fitted parameters initialized with current variable values

iter      chisq       delta/lim  lambda   a             b            
   0 3.7991440000e+02   0.00e+00  2.40e+00    1.000000e+00   1.000000e+00
   3 1.9542409858e+02  -1.35e-02  2.40e-03    7.311035e-01  -7.585858e-02

After 3 iterations the fit converged.
final sum of squares of residuals : 195.424
rel. change during last iteration : -1.3458e-07

degrees of freedom    (FIT_NDF)                        : 50
rms of residuals      (FIT_STDFIT) = sqrt(WSSR/ndf)    : 1.97699
variance of residuals (reduced chisquare) = WSSR/ndf   : 3.90848

Final set of parameters            Asymptotic Standard Error
=======================            ==========================
a               = 0.731104         +/- 0.1683       (23.02%)
b               = -0.0758586       +/- 0.5468       (720.8%)

correlation matrix of the fit parameters:
                a      b      
a               1.000 
b              -0.865  1.000 
