Note: The following floating-point exceptions are signalling: IEEE_DENORMAL
STOP 3
Note: The following floating-point exceptions are signalling: IEEE_DENORMAL
STOP 3
Note: The following floating-point exceptions are signalling: IEEE_DENORMAL
STOP 3
Note: The following floating-point exceptions are signalling: IEEE_DENORMAL
STOP 3
Note: The following floating-point exceptions are signalling: IEEE_DENORMAL
STOP 3
Note: The following floating-point exceptions are signalling: IEEE_DENORMAL
STOP 3
Note: The following floating-point exceptions are signalling: IEEE_DENORMAL
STOP 3
Note: The following floating-point exceptions are signalling: IEEE_DENORMAL
STOP 3
Note: The following floating-point exceptions are signalling: IEEE_INVALID_FLAG IEEE_DENORMAL
STOP 3
Note: The following floating-point exceptions are signalling: IEEE_INVALID_FLAG IEEE_DENORMAL
STOP 3
Note: The following floating-point exceptions are signalling: IEEE_DENORMAL
STOP 3
Note: The following floating-point exceptions are signalling: IEEE_INVALID_FLAG IEEE_DENORMAL
STOP 3
Note: The following floating-point exceptions are signalling: IEEE_DENORMAL
STOP 3
Note: The following floating-point exceptions are signalling: IEEE_DENORMAL
STOP 3
Note: The following floating-point exceptions are signalling: IEEE_DENORMAL
STOP 3
Note: The following floating-point exceptions are signalling: IEEE_DENORMAL
STOP 3
--------------------------------------------------------------------------
Primary job  terminated normally, but 1 process returned
a non-zero exit code. Per user-direction, the job has been aborted.
--------------------------------------------------------------------------
--------------------------------------------------------------------------
mpirun detected that one or more processes exited with non-zero status, thus causing
the job to be terminated. The first process to do so was:

  Process name: [[38719,1],4]
  Exit code:    3
--------------------------------------------------------------------------
